#
# There is insufficient memory for the Java Runtime Environment to continue.
# Native memory allocation (malloc) failed to allocate 1519216 bytes for Chunk::new
# Possible reasons:
#   The system is out of physical RAM or swap space
#   The process is running with CompressedOops enabled, and the Java Heap may be blocking the growth of the native heap
# Possible solutions:
#   Reduce memory load on the system
#   Increase physical memory or swap space
#   Check if swap backing store is full
#   Decrease Java heap size (-Xmx/-Xms)
#   Decrease number of Java threads
#   Decrease Java thread stack sizes (-Xss)
#   Set larger code cache with -XX:ReservedCodeCacheSize=
#   JVM is running with Unscaled Compressed Oops mode in which the Java heap is
#     placed in the first 4GB address space. The Java Heap base address is the
#     maximum limit for the native heap growth. Please use -XX:HeapBaseMinAddress
#     to set the Java Heap base and to place the Java Heap above 4GB virtual address.
# This output file may be truncated or incomplete.
#
#  Out of Memory Error (./src/hotspot/share/memory/arena.cpp:197), pid=10912, tid=13408
#
# JRE version: OpenJDK Runtime Environment Corretto-11.0.15.9.1 (11.0.15+9) (build 11.0.15+9-LTS)
# Java VM: OpenJDK 64-Bit Server VM Corretto-11.0.15.9.1 (11.0.15+9-LTS, mixed mode, tiered, compressed oops, g1 gc, windows-amd64)
# No core dump will be written. Minidumps are not enabled by default on client versions of Windows
#

---------------  S U M M A R Y ------------

Command Line: -ea -Didea.test.cyclic.buffer.size=1048576 -javaagent:C:\Program Files\JetBrains\IntelliJ IDEA Community Edition 2023.3.2\lib\idea_rt.jar=63316:C:\Program Files\JetBrains\IntelliJ IDEA Community Edition 2023.3.2\bin -Dfile.encoding=UTF-8 com.intellij.rt.testng.RemoteTestNGStarter -usedefaultlisteners false -socket63315 @w@C:\Users\mergi\AppData\Local\Temp\idea_working_dirs_testng.tmp -temp C:\Users\mergi\AppData\Local\Temp\idea_testng.tmp

Host: AMD Athlon Gold 3150U with Radeon Graphics     , 4 cores, 3G,  Windows 11 , 64 bit Build 22621 (10.0.22621.3085)
Time: Sat Feb 17 17:06:28 2024 Türkiye Standard Time elapsed time: 5.729068 seconds (0d 0h 0m 5s)

---------------  T H R E A D  ---------------

Current thread (0x000001b868bdb000):  JavaThread "C2 CompilerThread0" daemon [_thread_in_native, id=13408, stack(0x00000074f7f00000,0x00000074f8000000)]


Current CompileTask:
C2:   5729 2451       4       java.lang.invoke.LambdaForm$Name::replaceNames (174 bytes)

Stack: [0x00000074f7f00000,0x00000074f8000000]
Native frames: (J=compiled Java code, j=interpreted, Vv=VM code, C=native code)
V  [jvm.dll+0x61e7ba]
V  [jvm.dll+0x7ab749]
V  [jvm.dll+0x7ace38]
V  [jvm.dll+0x7ad513]
V  [jvm.dll+0x24f968]
V  [jvm.dll+0xc262c]
V  [jvm.dll+0xc2bec]
V  [jvm.dll+0x359b62]
V  [jvm.dll+0x19e789]
V  [jvm.dll+0x208eb2]
V  [jvm.dll+0x207f8d]
V  [jvm.dll+0x18a371]
V  [jvm.dll+0x2176e4]
V  [jvm.dll+0x21592b]
V  [jvm.dll+0x76e250]
V  [jvm.dll+0x7671b4]
V  [jvm.dll+0x61d616]
C  [ucrtbase.dll+0x29363]
C  [KERNEL32.DLL+0x1257d]
C  [ntdll.dll+0x5aa58]


---------------  P R O C E S S  ---------------

Threads class SMR info:
_java_thread_list=0x000001b86b099930, length=19, elements={
0x000001b84af7c000, 0x000001b868b77000, 0x000001b868b80800, 0x000001b868bd4800,
0x000001b868bd5800, 0x000001b868bd8000, 0x000001b868bdb000, 0x000001b868be1800,
0x000001b868bee800, 0x000001b84b026000, 0x000001b8697d1800, 0x000001b86a8ee800,
0x000001b86aaea800, 0x000001b86a7da800, 0x000001b86a56a000, 0x000001b86a56b000,
0x000001b86abff000, 0x000001b86b097800, 0x000001b86a7bf800
}

Java Threads: ( => current thread )
  0x000001b84af7c000 JavaThread "Forwarding newSession on session null to remote" [_thread_blocked, id=6336, stack(0x00000074f7300000,0x00000074f7400000)]
  0x000001b868b77000 JavaThread "Reference Handler" daemon [_thread_blocked, id=10736, stack(0x00000074f7a00000,0x00000074f7b00000)]
  0x000001b868b80800 JavaThread "Finalizer" daemon [_thread_blocked, id=3556, stack(0x00000074f7b00000,0x00000074f7c00000)]
  0x000001b868bd4800 JavaThread "Signal Dispatcher" daemon [_thread_blocked, id=13772, stack(0x00000074f7c00000,0x00000074f7d00000)]
  0x000001b868bd5800 JavaThread "Attach Listener" daemon [_thread_blocked, id=6680, stack(0x00000074f7d00000,0x00000074f7e00000)]
  0x000001b868bd8000 JavaThread "Service Thread" daemon [_thread_blocked, id=9896, stack(0x00000074f7e00000,0x00000074f7f00000)]
=>0x000001b868bdb000 JavaThread "C2 CompilerThread0" daemon [_thread_in_native, id=13408, stack(0x00000074f7f00000,0x00000074f8000000)]
  0x000001b868be1800 JavaThread "C1 CompilerThread0" daemon [_thread_blocked, id=16292, stack(0x00000074f8000000,0x00000074f8100000)]
  0x000001b868bee800 JavaThread "Sweeper thread" daemon [_thread_blocked, id=10908, stack(0x00000074f8100000,0x00000074f8200000)]
  0x000001b84b026000 JavaThread "Common-Cleaner" daemon [_thread_blocked, id=14976, stack(0x00000074f8200000,0x00000074f8300000)]
  0x000001b8697d1800 JavaThread "Monitor Ctrl-Break" daemon [_thread_in_native, id=7748, stack(0x00000074f8300000,0x00000074f8400000)]
  0x000001b86a8ee800 JavaThread "ForkJoinPool.commonPool-worker-3" daemon [_thread_blocked, id=16656, stack(0x00000074f8700000,0x00000074f8800000)]
  0x000001b86aaea800 JavaThread "HttpClient-1-SelectorManager" daemon [_thread_in_native, id=13116, stack(0x00000074f8800000,0x00000074f8900000)]
  0x000001b86a7da800 JavaThread "External Process Output Forwarder - C:\Users\mergi\.cache\selenium\geckodriver\win64\0.34.0-win\geckodriver.exe" daemon [_thread_in_native, id=7040, stack(0x00000074f8900000,0x00000074f8a00000)]
  0x000001b86a56a000 JavaThread "Driver Service Executor" daemon [_thread_blocked, id=9048, stack(0x00000074f8a00000,0x00000074f8b00000)]
  0x000001b86a56b000 JavaThread "Driver Service Executor" daemon [_thread_in_native, id=14080, stack(0x00000074f8b00000,0x00000074f8c00000)]
  0x000001b86abff000 JavaThread "pool-1-thread-1" [_thread_blocked, id=5188, stack(0x00000074f8c00000,0x00000074f8d00000)]
  0x000001b86b097800 JavaThread "pool-1-thread-2" [_thread_blocked, id=8148, stack(0x00000074f8d00000,0x00000074f8e00000)]
  0x000001b86a7bf800 JavaThread "pool-1-thread-3" [_thread_blocked, id=15692, stack(0x00000074f8e00000,0x00000074f8f00000)]

Other Threads:
  0x000001b868b53000 VMThread "VM Thread" [stack: 0x00000074f7900000,0x00000074f7a00000] [id=11660]
  0x000001b869736000 WatcherThread [stack: 0x00000074f8400000,0x00000074f8500000] [id=644]
  0x000001b84af94000 GCTaskThread "GC Thread#0" [stack: 0x00000074f7400000,0x00000074f7500000] [id=12116]
  0x000001b86a12c000 GCTaskThread "GC Thread#1" [stack: 0x00000074f8500000,0x00000074f8600000] [id=16632]
  0x000001b84afac800 ConcurrentGCThread "G1 Main Marker" [stack: 0x00000074f7500000,0x00000074f7600000] [id=1168]
  0x000001b84afae000 ConcurrentGCThread "G1 Conc#0" [stack: 0x00000074f7600000,0x00000074f7700000] [id=3252]
  0x000001b84aff5800 ConcurrentGCThread "G1 Refine#0" [stack: 0x00000074f7700000,0x00000074f7800000] [id=14184]
  0x000001b84aff6800 ConcurrentGCThread "G1 Young RemSet Sampling" [stack: 0x00000074f7800000,0x00000074f7900000] [id=11380]

Threads with active compile tasks:
C2 CompilerThread0     5758 2451       4       java.lang.invoke.LambdaForm$Name::replaceNames (174 bytes)

VM state:not at safepoint (normal execution)

VM Mutex/Monitor currently owned by a thread: None

Heap address: 0x00000000c8c00000, size: 884 MB, Compressed Oops mode: 32-bit
Narrow klass base: 0x0000000000000000, Narrow klass shift: 3
Compressed class space size: 1073741824 Address: 0x0000000100000000

Heap:
 garbage-first heap   total 69632K, used 22072K [0x00000000c8c00000, 0x0000000100000000)
  region size 1024K, 12 young (12288K), 1 survivors (1024K)
 Metaspace       used 27278K, capacity 28205K, committed 28288K, reserved 1075200K
  class space    used 3050K, capacity 3438K, committed 3456K, reserved 1048576K
Heap Regions: E=young(eden), S=young(survivor), O=old, HS=humongous(starts), HC=humongous(continues), CS=collection set, F=free, A=archive, TAMS=top-at-mark-start (previous, next)
|   0|0x00000000c8c00000, 0x00000000c8d00000, 0x00000000c8d00000|100%| O|  |TAMS 0x00000000c8d00000, 0x00000000c8c00000| Untracked 
|   1|0x00000000c8d00000, 0x00000000c8e00000, 0x00000000c8e00000|100%| O|  |TAMS 0x00000000c8e00000, 0x00000000c8d00000| Untracked 
|   2|0x00000000c8e00000, 0x00000000c8f00000, 0x00000000c8f00000|100%| O|  |TAMS 0x00000000c8f00000, 0x00000000c8e00000| Untracked 
|   3|0x00000000c8f00000, 0x00000000c9000000, 0x00000000c9000000|100%| O|  |TAMS 0x00000000c9000000, 0x00000000c8f00000| Untracked 
|   4|0x00000000c9000000, 0x00000000c9100000, 0x00000000c9100000|100%| O|  |TAMS 0x00000000c9100000, 0x00000000c9000000| Untracked 
|   5|0x00000000c9100000, 0x00000000c9200000, 0x00000000c9200000|100%| O|  |TAMS 0x00000000c9200000, 0x00000000c9100000| Untracked 
|   6|0x00000000c9200000, 0x00000000c9300000, 0x00000000c9300000|100%| O|  |TAMS 0x00000000c9300000, 0x00000000c9200000| Untracked 
|   7|0x00000000c9300000, 0x00000000c9400000, 0x00000000c9400000|100%| O|  |TAMS 0x00000000c9400000, 0x00000000c9300000| Untracked 
|   8|0x00000000c9400000, 0x00000000c9500000, 0x00000000c9500000|100%| O|  |TAMS 0x00000000c9500000, 0x00000000c9400000| Untracked 
|   9|0x00000000c9500000, 0x00000000c9600000, 0x00000000c9600000|100%| O|  |TAMS 0x00000000c9532200, 0x00000000c9500000| Untracked 
|  10|0x00000000c9600000, 0x00000000c96e3e00, 0x00000000c9700000| 89%| O|  |TAMS 0x00000000c9600000, 0x00000000c9600000| Untracked 
|  11|0x00000000c9700000, 0x00000000c9700000, 0x00000000c9800000|  0%| F|  |TAMS 0x00000000c9700000, 0x00000000c9700000| Untracked 
|  12|0x00000000c9800000, 0x00000000c9800000, 0x00000000c9900000|  0%| F|  |TAMS 0x00000000c9800000, 0x00000000c9800000| Untracked 
|  13|0x00000000c9900000, 0x00000000c9900000, 0x00000000c9a00000|  0%| F|  |TAMS 0x00000000c9900000, 0x00000000c9900000| Untracked 
|  14|0x00000000c9a00000, 0x00000000c9a00000, 0x00000000c9b00000|  0%| F|  |TAMS 0x00000000c9a00000, 0x00000000c9a00000| Untracked 
|  15|0x00000000c9b00000, 0x00000000c9b00000, 0x00000000c9c00000|  0%| F|  |TAMS 0x00000000c9b00000, 0x00000000c9b00000| Untracked 
|  16|0x00000000c9c00000, 0x00000000c9c00000, 0x00000000c9d00000|  0%| F|  |TAMS 0x00000000c9c00000, 0x00000000c9c00000| Untracked 
|  17|0x00000000c9d00000, 0x00000000c9d00000, 0x00000000c9e00000|  0%| F|  |TAMS 0x00000000c9d00000, 0x00000000c9d00000| Untracked 
|  18|0x00000000c9e00000, 0x00000000c9e00000, 0x00000000c9f00000|  0%| F|  |TAMS 0x00000000c9e00000, 0x00000000c9e00000| Untracked 
|  19|0x00000000c9f00000, 0x00000000c9f00000, 0x00000000ca000000|  0%| F|  |TAMS 0x00000000c9f00000, 0x00000000c9f00000| Untracked 
|  20|0x00000000ca000000, 0x00000000ca000000, 0x00000000ca100000|  0%| F|  |TAMS 0x00000000ca000000, 0x00000000ca000000| Untracked 
|  21|0x00000000ca100000, 0x00000000ca100000, 0x00000000ca200000|  0%| F|  |TAMS 0x00000000ca100000, 0x00000000ca100000| Untracked 
|  22|0x00000000ca200000, 0x00000000ca200000, 0x00000000ca300000|  0%| F|  |TAMS 0x00000000ca200000, 0x00000000ca200000| Untracked 
|  23|0x00000000ca300000, 0x00000000ca300000, 0x00000000ca400000|  0%| F|  |TAMS 0x00000000ca300000, 0x00000000ca300000| Untracked 
|  24|0x00000000ca400000, 0x00000000ca400000, 0x00000000ca500000|  0%| F|  |TAMS 0x00000000ca400000, 0x00000000ca400000| Untracked 
|  25|0x00000000ca500000, 0x00000000ca500000, 0x00000000ca600000|  0%| F|  |TAMS 0x00000000ca500000, 0x00000000ca500000| Untracked 
|  26|0x00000000ca600000, 0x00000000ca600000, 0x00000000ca700000|  0%| F|  |TAMS 0x00000000ca600000, 0x00000000ca600000| Untracked 
|  27|0x00000000ca700000, 0x00000000ca700000, 0x00000000ca800000|  0%| F|  |TAMS 0x00000000ca700000, 0x00000000ca700000| Untracked 
|  28|0x00000000ca800000, 0x00000000ca800000, 0x00000000ca900000|  0%| F|  |TAMS 0x00000000ca800000, 0x00000000ca800000| Untracked 
|  29|0x00000000ca900000, 0x00000000ca900000, 0x00000000caa00000|  0%| F|  |TAMS 0x00000000ca900000, 0x00000000ca900000| Untracked 
|  30|0x00000000caa00000, 0x00000000caa00000, 0x00000000cab00000|  0%| F|  |TAMS 0x00000000caa00000, 0x00000000caa00000| Untracked 
|  31|0x00000000cab00000, 0x00000000cab00000, 0x00000000cac00000|  0%| F|  |TAMS 0x00000000cab00000, 0x00000000cab00000| Untracked 
|  32|0x00000000cac00000, 0x00000000cac00000, 0x00000000cad00000|  0%| F|  |TAMS 0x00000000cac00000, 0x00000000cac00000| Untracked 
|  33|0x00000000cad00000, 0x00000000cad00000, 0x00000000cae00000|  0%| F|  |TAMS 0x00000000cad00000, 0x00000000cad00000| Untracked 
|  34|0x00000000cae00000, 0x00000000cae00000, 0x00000000caf00000|  0%| F|  |TAMS 0x00000000cae00000, 0x00000000cae00000| Untracked 
|  35|0x00000000caf00000, 0x00000000caf00000, 0x00000000cb000000|  0%| F|  |TAMS 0x00000000caf00000, 0x00000000caf00000| Untracked 
|  36|0x00000000cb000000, 0x00000000cb000000, 0x00000000cb100000|  0%| F|  |TAMS 0x00000000cb000000, 0x00000000cb000000| Untracked 
|  37|0x00000000cb100000, 0x00000000cb100000, 0x00000000cb200000|  0%| F|  |TAMS 0x00000000cb100000, 0x00000000cb100000| Untracked 
|  38|0x00000000cb200000, 0x00000000cb200000, 0x00000000cb300000|  0%| F|  |TAMS 0x00000000cb200000, 0x00000000cb200000| Untracked 
|  39|0x00000000cb300000, 0x00000000cb3aa4b0, 0x00000000cb400000| 66%| S|CS|TAMS 0x00000000cb300000, 0x00000000cb300000| Complete 
|  40|0x00000000cb400000, 0x00000000cb400000, 0x00000000cb500000|  0%| F|  |TAMS 0x00000000cb400000, 0x00000000cb400000| Untracked 
|  41|0x00000000cb500000, 0x00000000cb500000, 0x00000000cb600000|  0%| F|  |TAMS 0x00000000cb500000, 0x00000000cb500000| Untracked 
|  42|0x00000000cb600000, 0x00000000cb600000, 0x00000000cb700000|  0%| F|  |TAMS 0x00000000cb600000, 0x00000000cb600000| Untracked 
|  43|0x00000000cb700000, 0x00000000cb700000, 0x00000000cb800000|  0%| F|  |TAMS 0x00000000cb700000, 0x00000000cb700000| Untracked 
|  44|0x00000000cb800000, 0x00000000cb800000, 0x00000000cb900000|  0%| F|  |TAMS 0x00000000cb800000, 0x00000000cb800000| Untracked 
|  45|0x00000000cb900000, 0x00000000cb900000, 0x00000000cba00000|  0%| F|  |TAMS 0x00000000cb900000, 0x00000000cb900000| Untracked 
|  46|0x00000000cba00000, 0x00000000cba00000, 0x00000000cbb00000|  0%| F|  |TAMS 0x00000000cba00000, 0x00000000cba00000| Untracked 
|  47|0x00000000cbb00000, 0x00000000cbb00000, 0x00000000cbc00000|  0%| F|  |TAMS 0x00000000cbb00000, 0x00000000cbb00000| Untracked 
|  48|0x00000000cbc00000, 0x00000000cbc00000, 0x00000000cbd00000|  0%| F|  |TAMS 0x00000000cbc00000, 0x00000000cbc00000| Untracked 
|  49|0x00000000cbd00000, 0x00000000cbd00000, 0x00000000cbe00000|  0%| F|  |TAMS 0x00000000cbd00000, 0x00000000cbd00000| Untracked 
|  50|0x00000000cbe00000, 0x00000000cbe00000, 0x00000000cbf00000|  0%| F|  |TAMS 0x00000000cbe00000, 0x00000000cbe00000| Untracked 
|  51|0x00000000cbf00000, 0x00000000cbf00000, 0x00000000cc000000|  0%| F|  |TAMS 0x00000000cbf00000, 0x00000000cbf00000| Untracked 
|  52|0x00000000cc000000, 0x00000000cc000000, 0x00000000cc100000|  0%| F|  |TAMS 0x00000000cc000000, 0x00000000cc000000| Untracked 
|  53|0x00000000cc100000, 0x00000000cc100000, 0x00000000cc200000|  0%| F|  |TAMS 0x00000000cc100000, 0x00000000cc100000| Untracked 
|  54|0x00000000cc200000, 0x00000000cc200000, 0x00000000cc300000|  0%| F|  |TAMS 0x00000000cc200000, 0x00000000cc200000| Untracked 
|  55|0x00000000cc300000, 0x00000000cc300000, 0x00000000cc400000|  0%| F|  |TAMS 0x00000000cc300000, 0x00000000cc300000| Untracked 
|  56|0x00000000cc400000, 0x00000000cc400000, 0x00000000cc500000|  0%| F|  |TAMS 0x00000000cc400000, 0x00000000cc400000| Untracked 
|  57|0x00000000cc500000, 0x00000000cc59e5e8, 0x00000000cc600000| 61%| E|  |TAMS 0x00000000cc500000, 0x00000000cc500000| Complete 
|  58|0x00000000cc600000, 0x00000000cc700000, 0x00000000cc700000|100%| E|CS|TAMS 0x00000000cc600000, 0x00000000cc600000| Complete 
|  59|0x00000000cc700000, 0x00000000cc800000, 0x00000000cc800000|100%| E|CS|TAMS 0x00000000cc700000, 0x00000000cc700000| Complete 
|  60|0x00000000cc800000, 0x00000000cc900000, 0x00000000cc900000|100%| E|CS|TAMS 0x00000000cc800000, 0x00000000cc800000| Complete 
|  61|0x00000000cc900000, 0x00000000cca00000, 0x00000000cca00000|100%| E|CS|TAMS 0x00000000cc900000, 0x00000000cc900000| Complete 
|  62|0x00000000cca00000, 0x00000000ccb00000, 0x00000000ccb00000|100%| E|CS|TAMS 0x00000000cca00000, 0x00000000cca00000| Complete 
|  63|0x00000000ccb00000, 0x00000000ccc00000, 0x00000000ccc00000|100%| E|CS|TAMS 0x00000000ccb00000, 0x00000000ccb00000| Complete 
|  64|0x00000000ccc00000, 0x00000000ccd00000, 0x00000000ccd00000|100%| E|CS|TAMS 0x00000000ccc00000, 0x00000000ccc00000| Complete 
|  65|0x00000000ccd00000, 0x00000000cce00000, 0x00000000cce00000|100%| E|CS|TAMS 0x00000000ccd00000, 0x00000000ccd00000| Complete 
|  66|0x00000000cce00000, 0x00000000ccf00000, 0x00000000ccf00000|100%| E|CS|TAMS 0x00000000cce00000, 0x00000000cce00000| Complete 
|  67|0x00000000ccf00000, 0x00000000cd000000, 0x00000000cd000000|100%| E|CS|TAMS 0x00000000ccf00000, 0x00000000ccf00000| Complete 

Card table byte_map: [0x000001b8646a0000,0x000001b864860000] _byte_map_base: 0x000001b86405a000

Marking Bits (Prev, Next): (CMBitMap*) 0x000001b84afa8540, (CMBitMap*) 0x000001b84afa8508
 Prev Bits: [0x000001b8657f0000, 0x000001b8665c0000)
 Next Bits: [0x000001b864a20000, 0x000001b8657f0000)

Polling page: 0x000001b84b040000

Metaspace:

Usage:
  Non-class:     24.19 MB capacity,    23.66 MB ( 98%) used,   436.29 KB (  2%) free+waste,   102.31 KB ( <1%) overhead. 
      Class:      3.36 MB capacity,     2.98 MB ( 89%) used,   337.25 KB ( 10%) free+waste,    50.69 KB (  1%) overhead. 
       Both:     27.54 MB capacity,    26.64 MB ( 97%) used,   773.54 KB (  3%) free+waste,   153.00 KB ( <1%) overhead. 

Virtual space:
  Non-class space:       26.00 MB reserved,      24.25 MB ( 93%) committed 
      Class space:        1.00 GB reserved,       3.38 MB ( <1%) committed 
             Both:        1.03 GB reserved,      27.63 MB (  3%) committed 

Chunk freelists:
   Non-Class:  1.00 KB
       Class:  0 bytes
        Both:  1.00 KB

MaxMetaspaceSize: 17179869184.00 GB
CompressedClassSpaceSize: 1.00 GB
Initial GC threshold: 20.80 MB
Current GC threshold: 34.79 MB
CDS: off

CodeHeap 'non-profiled nmethods': size=120064Kb used=1090Kb max_used=1090Kb free=118973Kb
 bounds [0x000001b85c980000, 0x000001b85cbf0000, 0x000001b863ec0000]
CodeHeap 'profiled nmethods': size=120000Kb used=5248Kb max_used=5248Kb free=114751Kb
 bounds [0x000001b855450000, 0x000001b855980000, 0x000001b85c980000]
CodeHeap 'non-nmethods': size=5696Kb used=1236Kb max_used=1263Kb free=4460Kb
 bounds [0x000001b854ec0000, 0x000001b855130000, 0x000001b855450000]
 total_blobs=2990 nmethods=2478 adapters=424
 compilation: enabled
              stopped_count=0, restarted_count=0
 full_count=0

Compilation events (20 events):
Event: 5.396 Thread 0x000001b868be1800 2488       3       jdk.internal.org.objectweb.asm.FieldVisitor::<init> (35 bytes)
Event: 5.396 Thread 0x000001b868be1800 nmethod 2488 0x000001b85596d110 code [0x000001b85596d2e0, 0x000001b85596d5c8]
Event: 5.396 Thread 0x000001b868be1800 2489       3       jdk.internal.org.objectweb.asm.FieldWriter::visitEnd (1 bytes)
Event: 5.396 Thread 0x000001b868be1800 nmethod 2489 0x000001b85596d710 code [0x000001b85596d8c0, 0x000001b85596d9b8]
Event: 5.398 Thread 0x000001b868be1800 2491       3       jdk.internal.org.objectweb.asm.FieldWriter::<init> (97 bytes)
Event: 5.398 Thread 0x000001b868be1800 nmethod 2491 0x000001b85596da90 code [0x000001b85596dca0, 0x000001b85596e208]
Event: 5.408 Thread 0x000001b868be1800 2494       3       java.lang.invoke.MemberName::getFactory (4 bytes)
Event: 5.408 Thread 0x000001b868be1800 nmethod 2494 0x000001b85596e490 code [0x000001b85596e640, 0x000001b85596e738]
Event: 5.412 Thread 0x000001b868bdb000 nmethod 2382 0x000001b85ca88d10 code [0x000001b85ca890e0, 0x000001b85ca8d0a8]
Event: 5.412 Thread 0x000001b868bdb000 2495       4       jdk.internal.org.objectweb.asm.Type::getArgumentsAndReturnSizes (151 bytes)
Event: 5.416 Thread 0x000001b868be1800 2496       3       java.lang.invoke.InnerClassLambdaMetafactory::generateFactory (136 bytes)
Event: 5.418 Thread 0x000001b868be1800 nmethod 2496 0x000001b85596e790 code [0x000001b85596ea80, 0x000001b85596f788]
Event: 5.421 Thread 0x000001b868bdb000 nmethod 2495 0x000001b85ca8f010 code [0x000001b85ca8f220, 0x000001b85ca8f880]
Event: 5.421 Thread 0x000001b868bdb000 2480       4       java.util.Arrays::copyOf (40 bytes)
Event: 5.421 Thread 0x000001b868be1800 2497       3       java.nio.ByteBuffer::flip (7 bytes)
Event: 5.421 Thread 0x000001b868be1800 nmethod 2497 0x000001b85596fd10 code [0x000001b85596fec0, 0x000001b855970038]
Event: 5.424 Thread 0x000001b868bdb000 nmethod 2480 0x000001b85ca8fd90 code [0x000001b85ca8ff40, 0x000001b85ca903f8]
Event: 5.424 Thread 0x000001b868bdb000 2478       4       java.lang.invoke.LambdaForm$Name::useCount (42 bytes)
Event: 5.426 Thread 0x000001b868bdb000 nmethod 2478 0x000001b85ca90690 code [0x000001b85ca90820, 0x000001b85ca90918]
Event: 5.426 Thread 0x000001b868bdb000 2451       4       java.lang.invoke.LambdaForm$Name::replaceNames (174 bytes)

GC Heap History (14 events):
Event: 0.928 GC heap before
{Heap before GC invocations=0 (full 0):
 garbage-first heap   total 57344K, used 13312K [0x00000000c8c00000, 0x0000000100000000)
  region size 1024K, 14 young (14336K), 0 survivors (0K)
 Metaspace       used 9042K, capacity 9185K, committed 9344K, reserved 1058816K
  class space    used 825K, capacity 887K, committed 896K, reserved 1048576K
}
Event: 0.935 GC heap after
{Heap after GC invocations=1 (full 0):
 garbage-first heap   total 57344K, used 6184K [0x00000000c8c00000, 0x0000000100000000)
  region size 1024K, 2 young (2048K), 2 survivors (2048K)
 Metaspace       used 9042K, capacity 9185K, committed 9344K, reserved 1058816K
  class space    used 825K, capacity 887K, committed 896K, reserved 1048576K
}
Event: 1.566 GC heap before
{Heap before GC invocations=1 (full 0):
 garbage-first heap   total 57344K, used 14376K [0x00000000c8c00000, 0x0000000100000000)
  region size 1024K, 11 young (11264K), 2 survivors (2048K)
 Metaspace       used 13662K, capacity 13913K, committed 14080K, reserved 1062912K
  class space    used 1334K, capacity 1451K, committed 1536K, reserved 1048576K
}
Event: 1.573 GC heap after
{Heap after GC invocations=2 (full 0):
 garbage-first heap   total 57344K, used 7345K [0x00000000c8c00000, 0x0000000100000000)
  region size 1024K, 2 young (2048K), 2 survivors (2048K)
 Metaspace       used 13662K, capacity 13913K, committed 14080K, reserved 1062912K
  class space    used 1334K, capacity 1451K, committed 1536K, reserved 1048576K
}
Event: 2.198 GC heap before
{Heap before GC invocations=2 (full 0):
 garbage-first heap   total 57344K, used 25777K [0x00000000c8c00000, 0x0000000100000000)
  region size 1024K, 20 young (20480K), 2 survivors (2048K)
 Metaspace       used 17733K, capacity 18144K, committed 18432K, reserved 1064960K
  class space    used 1803K, capacity 1965K, committed 2048K, reserved 1048576K
}
Event: 2.206 GC heap after
{Heap after GC invocations=3 (full 0):
 garbage-first heap   total 57344K, used 9424K [0x00000000c8c00000, 0x0000000100000000)
  region size 1024K, 3 young (3072K), 3 survivors (3072K)
 Metaspace       used 17733K, capacity 18144K, committed 18432K, reserved 1064960K
  class space    used 1803K, capacity 1965K, committed 2048K, reserved 1048576K
}
Event: 2.638 GC heap before
{Heap before GC invocations=3 (full 0):
 garbage-first heap   total 57344K, used 18640K [0x00000000c8c00000, 0x0000000100000000)
  region size 1024K, 13 young (13312K), 3 survivors (3072K)
 Metaspace       used 20614K, capacity 21053K, committed 21248K, reserved 1069056K
  class space    used 2143K, capacity 2295K, committed 2304K, reserved 1048576K
}
Event: 2.650 GC heap after
{Heap after GC invocations=4 (full 0):
 garbage-first heap   total 57344K, used 11197K [0x00000000c8c00000, 0x0000000100000000)
  region size 1024K, 2 young (2048K), 2 survivors (2048K)
 Metaspace       used 20614K, capacity 21053K, committed 21248K, reserved 1069056K
  class space    used 2143K, capacity 2295K, committed 2304K, reserved 1048576K
}
Event: 4.375 GC heap before
{Heap before GC invocations=5 (full 0):
 garbage-first heap   total 57344K, used 29629K [0x00000000c8c00000, 0x0000000100000000)
  region size 1024K, 20 young (20480K), 2 survivors (2048K)
 Metaspace       used 22772K, capacity 23210K, committed 23424K, reserved 1071104K
  class space    used 2399K, capacity 2565K, committed 2688K, reserved 1048576K
}
Event: 4.381 GC heap after
{Heap after GC invocations=6 (full 0):
 garbage-first heap   total 69632K, used 11906K [0x00000000c8c00000, 0x0000000100000000)
  region size 1024K, 1 young (1024K), 1 survivors (1024K)
 Metaspace       used 22772K, capacity 23210K, committed 23424K, reserved 1071104K
  class space    used 2399K, capacity 2565K, committed 2688K, reserved 1048576K
}
Event: 4.562 GC heap before
{Heap before GC invocations=6 (full 0):
 garbage-first heap   total 69632K, used 35458K [0x00000000c8c00000, 0x0000000100000000)
  region size 1024K, 24 young (24576K), 1 survivors (1024K)
 Metaspace       used 22852K, capacity 23291K, committed 23424K, reserved 1071104K
  class space    used 2402K, capacity 2569K, committed 2688K, reserved 1048576K
}
Event: 4.564 GC heap after
{Heap after GC invocations=7 (full 0):
 garbage-first heap   total 69632K, used 11644K [0x00000000c8c00000, 0x0000000100000000)
  region size 1024K, 1 young (1024K), 1 survivors (1024K)
 Metaspace       used 22852K, capacity 23291K, committed 23424K, reserved 1071104K
  class space    used 2402K, capacity 2569K, committed 2688K, reserved 1048576K
}
Event: 4.973 GC heap before
{Heap before GC invocations=7 (full 0):
 garbage-first heap   total 69632K, used 39292K [0x00000000c8c00000, 0x0000000100000000)
  region size 1024K, 28 young (28672K), 1 survivors (1024K)
 Metaspace       used 24003K, capacity 24504K, committed 24832K, reserved 1071104K
  class space    used 2567K, capacity 2743K, committed 2816K, reserved 1048576K
}
Event: 4.975 GC heap after
{Heap after GC invocations=8 (full 0):
 garbage-first heap   total 69632K, used 11832K [0x00000000c8c00000, 0x0000000100000000)
  region size 1024K, 1 young (1024K), 1 survivors (1024K)
 Metaspace       used 24003K, capacity 24504K, committed 24832K, reserved 1071104K
  class space    used 2567K, capacity 2743K, committed 2816K, reserved 1048576K
}

Deoptimization events (20 events):
Event: 5.079 Thread 0x000001b84af7c000 Uncommon trap: trap_request=0xffffffde fr.pc=0x000001b85ca3b0dc relative=0x00000000000004bc
Event: 5.079 Thread 0x000001b84af7c000 Uncommon trap: reason=class_check action=maybe_recompile pc=0x000001b85ca3b0dc method=java.util.regex.Matcher.search(I)Z @ 121 c2
Event: 5.079 Thread 0x000001b84af7c000 DEOPT PACKING pc=0x000001b85ca3b0dc sp=0x00000074f73fc690
Event: 5.079 Thread 0x000001b84af7c000 DEOPT UNPACKING pc=0x000001b854f0a1af sp=0x00000074f73fc640 mode 2
Event: 5.079 Thread 0x000001b84af7c000 Uncommon trap: trap_request=0xffffffde fr.pc=0x000001b85ca3b0dc relative=0x00000000000004bc
Event: 5.079 Thread 0x000001b84af7c000 Uncommon trap: reason=class_check action=maybe_recompile pc=0x000001b85ca3b0dc method=java.util.regex.Matcher.search(I)Z @ 121 c2
Event: 5.079 Thread 0x000001b84af7c000 DEOPT PACKING pc=0x000001b85ca3b0dc sp=0x00000074f73fc770
Event: 5.079 Thread 0x000001b84af7c000 DEOPT UNPACKING pc=0x000001b854f0a1af sp=0x00000074f73fc720 mode 2
Event: 5.079 Thread 0x000001b84af7c000 Uncommon trap: trap_request=0xffffffde fr.pc=0x000001b85ca3b0dc relative=0x00000000000004bc
Event: 5.079 Thread 0x000001b84af7c000 Uncommon trap: reason=class_check action=maybe_recompile pc=0x000001b85ca3b0dc method=java.util.regex.Matcher.search(I)Z @ 121 c2
Event: 5.079 Thread 0x000001b84af7c000 DEOPT PACKING pc=0x000001b85ca3b0dc sp=0x00000074f73fc690
Event: 5.079 Thread 0x000001b84af7c000 DEOPT UNPACKING pc=0x000001b854f0a1af sp=0x00000074f73fc640 mode 2
Event: 5.079 Thread 0x000001b84af7c000 Uncommon trap: trap_request=0xffffffde fr.pc=0x000001b85ca3b0dc relative=0x00000000000004bc
Event: 5.079 Thread 0x000001b84af7c000 Uncommon trap: reason=class_check action=maybe_recompile pc=0x000001b85ca3b0dc method=java.util.regex.Matcher.search(I)Z @ 121 c2
Event: 5.079 Thread 0x000001b84af7c000 DEOPT PACKING pc=0x000001b85ca3b0dc sp=0x00000074f73fc770
Event: 5.079 Thread 0x000001b84af7c000 DEOPT UNPACKING pc=0x000001b854f0a1af sp=0x00000074f73fc720 mode 2
Event: 5.215 Thread 0x000001b84af7c000 Uncommon trap: trap_request=0xffffff4d fr.pc=0x000001b85c9e5f90 relative=0x0000000000000470
Event: 5.215 Thread 0x000001b84af7c000 Uncommon trap: reason=unstable_if action=reinterpret pc=0x000001b85c9e5f90 method=jdk.internal.org.objectweb.asm.Type.getArgumentsAndReturnSizes(Ljava/lang/String;)I @ 41 c2
Event: 5.215 Thread 0x000001b84af7c000 DEOPT PACKING pc=0x000001b85c9e5f90 sp=0x00000074f73fbc00
Event: 5.215 Thread 0x000001b84af7c000 DEOPT UNPACKING pc=0x000001b854f0a1af sp=0x00000074f73fbb90 mode 2

Classes redefined (0 events):
No events

Internal exceptions (20 events):
Event: 5.184 Thread 0x000001b86a56a000 Exception <a 'java/net/ConnectException'{0x00000000ccc75af0}: Connection refused: connect> (0x00000000ccc75af0) thrown at [./src/hotspot/share/prims/jni.cpp, line 638]
Event: 5.198 Thread 0x000001b86a56a000 Exception <a 'java/net/ConnectException'{0x00000000ccc762f0}: Connection refused: connect> (0x00000000ccc762f0) thrown at [./src/hotspot/share/prims/jni.cpp, line 638]
Event: 5.215 Thread 0x000001b84af7c000 Exception <a 'java/lang/NoSuchMethodError'{0x00000000ccca20f0}: 'double java.lang.invoke.DirectMethodHandle$Holder.invokeVirtual(java.lang.Object, java.lang.Object)'> (0x00000000ccca20f0) thrown at [./src/hotspot/share/interpreter/linkResolver.cpp, line 773]
Event: 5.216 Thread 0x000001b84af7c000 Exception <a 'java/lang/NoSuchMethodError'{0x00000000ccca7eb0}: 'float java.lang.invoke.DirectMethodHandle$Holder.invokeVirtual(java.lang.Object, java.lang.Object)'> (0x00000000ccca7eb0) thrown at [./src/hotspot/share/interpreter/linkResolver.cpp, line 773]
Event: 5.217 Thread 0x000001b84af7c000 Exception <a 'java/lang/NoSuchMethodError'{0x00000000cccb0350}: 'long java.lang.invoke.DirectMethodHandle$Holder.invokeVirtual(java.lang.Object, java.lang.Object)'> (0x00000000cccb0350) thrown at [./src/hotspot/share/interpreter/linkResolver.cpp, line 773]
Event: 5.257 Thread 0x000001b84af7c000 Exception <a 'java/lang/NoSuchMethodError'{0x00000000ccbf12a0}: 'java.lang.Object java.lang.invoke.DirectMethodHandle$Holder.invokeStatic(java.lang.Object, java.lang.Object, java.lang.Object, java.lang.Object, java.lang.Object, java.lang.Object, java.lang.Object, java.lang.Object, java.lang.Object, java.lang.Object, java.lang.Object, int)'> (0x00000000ccbf12a0) thrown at [./src/hotspot/share/interpreter/linkResolver.cpp, line 773]
Event: 5.258 Thread 0x000001b84af7c000 Exception <a 'java/lang/NoSuchMethodError'{0x00000000cca0fc78}: 'java.lang.Object java.lang.invoke.DirectMethodHandle$Holder.invokeStatic(java.lang.Object, java.lang.Object, java.lang.Object, java.lang.Object, java.lang.Object, java.lang.Object, java.lang.Object, java.lang.Object, java.lang.Object, java.lang.Object, java.lang.Object, int, int)'> (0x00000000cca0fc78) thrown at [./src/hotspot/share/interpreter/linkResolver.cpp, line 773]
Event: 5.260 Thread 0x000001b84af7c000 Exception <a 'java/lang/NoSuchMethodError'{0x00000000cca2ee40}: 'java.lang.Object java.lang.invoke.DirectMethodHandle$Holder.invokeStatic(java.lang.Object, java.lang.Object, java.lang.Object, java.lang.Object, java.lang.Object, java.lang.Object, java.lang.Object, java.lang.Object, java.lang.Object, java.lang.Object, java.lang.Object, int, int, java.lang.Object)'> (0x00000000cca2ee40) thrown at [./src/hotspot/share/interpreter/linkResolver.cpp, line 773]
Event: 5.262 Thread 0x000001b84af7c000 Exception <a 'java/lang/NoSuchMethodError'{0x00000000cca4f738}: 'java.lang.Object java.lang.invoke.DirectMethodHandle$Holder.invokeStatic(java.lang.Object, java.lang.Object, java.lang.Object, java.lang.Object, java.lang.Object, java.lang.Object, java.lang.Object, java.lang.Object, java.lang.Object, java.lang.Object, java.lang.Object, int, int, java.lang.Object, java.lang.Object)'> (0x00000000cca4f738) thrown at [./src/hotspot/share/interpreter/linkResolver.cpp, line 773]
Event: 5.264 Thread 0x000001b84af7c000 Exception <a 'java/lang/NoSuchMethodError'{0x00000000cca65630}: 'java.lang.Object java.lang.invoke.Invokers$Holder.linkToTargetMethod(java.lang.Object, int, int, java.lang.Object)'> (0x00000000cca65630) thrown at [./src/hotspot/share/interpreter/linkResolver.cpp, line 773]
Event: 5.266 Thread 0x000001b84af7c000 Exception <a 'java/lang/NoSuchMethodError'{0x00000000cca68870}: 'void java.lang.invoke.DirectMethodHandle$Holder.invokeStatic(java.lang.Object, java.lang.Object, int)'> (0x00000000cca68870) thrown at [./src/hotspot/share/interpreter/linkResolver.cpp, line 773]
Event: 5.323 Thread 0x000001b84af7c000 Exception <a 'java/lang/NoSuchMethodError'{0x00000000cc851678}: 'java.lang.Object java.lang.invoke.DirectMethodHandle$Holder.invokeStatic(java.lang.Object, java.lang.Object, java.lang.Object, java.lang.Object, java.lang.Object, java.lang.Object, java.lang.Object, java.lang.Object, java.lang.Object, java.lang.Object, java.lang.Object, java.lang.Object, java.lang.Object, int)'> (0x00000000cc851678) thrown at [./src/hotspot/share/interpreter/linkResolver.cpp, line 773]
Event: 5.324 Thread 0x000001b84af7c000 Exception <a 'java/lang/NoSuchMethodError'{0x00000000cc85e070}: 'java.lang.Object java.lang.invoke.DirectMethodHandle$Holder.invokeStatic(java.lang.Object, java.lang.Object, java.lang.Object, java.lang.Object, java.lang.Object, java.lang.Object, java.lang.Object, java.lang.Object, java.lang.Object, java.lang.Object, java.lang.Object, java.lang.Object, java.lang.Object, int, int)'> (0x00000000cc85e070) thrown at [./src/hotspot/share/interpreter/linkResolver.cpp, line 773]
Event: 5.372 Thread 0x000001b86abff000 Exception <a 'java/lang/NoSuchMethodError'{0x00000000cc77b888}: 'java.lang.Object java.lang.invoke.DirectMethodHandle$Holder.invokeSpecial(java.lang.Object, java.lang.Object, int, int, java.lang.Object, java.lang.Object, int)'> (0x00000000cc77b888) thrown at [./src/hotspot/share/interpreter/linkResolver.cpp, line 773]
Event: 5.372 Thread 0x000001b86abff000 Exception <a 'java/lang/NoSuchMethodError'{0x00000000cc77ed18}: 'java.lang.Object java.lang.invoke.DelegatingMethodHandle$Holder.reinvoke_L(java.lang.Object, int, int, java.lang.Object, java.lang.Object, int)'> (0x00000000cc77ed18) thrown at [./src/hotspot/share/interpreter/linkResolver.cpp, line 773]
Event: 5.373 Thread 0x000001b86abff000 Exception <a 'java/lang/NoSuchMethodError'{0x00000000cc78fa70}: 'java.lang.Object java.lang.invoke.DirectMethodHandle$Holder.invokeSpecial(java.lang.Object, java.lang.Object, java.lang.Object, java.lang.Object, int)'> (0x00000000cc78fa70) thrown at [./src/hotspot/share/interpreter/linkResolver.cpp, line 773]
Event: 5.374 Thread 0x000001b86abff000 Exception <a 'java/lang/NoSuchMethodError'{0x00000000cc792ad8}: 'java.lang.Object java.lang.invoke.Invokers$Holder.linkToTargetMethod(java.lang.Object, java.lang.Object, int, java.lang.Object)'> (0x00000000cc792ad8) thrown at [./src/hotspot/share/interpreter/linkResolver.cpp, line 773]
Event: 5.390 Thread 0x000001b86abff000 Exception <a 'java/lang/NoSuchMethodError'{0x00000000cc7c8690}: 'void java.lang.invoke.DirectMethodHandle$Holder.invokeSpecial(java.lang.Object, java.lang.Object)'> (0x00000000cc7c8690) thrown at [./src/hotspot/share/interpreter/linkResolver.cpp, line 773]
Event: 5.397 Thread 0x000001b86abff000 Exception <a 'java/lang/NoSuchMethodError'{0x00000000cc7f0990}: 'void java.lang.invoke.DirectMethodHandle$Holder.invokeSpecial(java.lang.Object, java.lang.Object, java.lang.Object, java.lang.Object, java.lang.Object)'> (0x00000000cc7f0990) thrown at [./src/hotspot/share/interpreter/linkResolver.cpp, line 773]
Event: 5.403 Thread 0x000001b86abff000 Exception <a 'java/lang/NoSuchMethodError'{0x00000000cc613e40}: 'long java.lang.invoke.DirectMethodHandle$Holder.invokeStatic(java.lang.Object, long, long)'> (0x00000000cc613e40) thrown at [./src/hotspot/share/interpreter/linkResolver.cpp, line 773]

Events (20 events):
Event: 5.422 loading class jdk/internal/net/http/Http1Exchange
Event: 5.422 loading class jdk/internal/net/http/Http1Exchange done
Event: 5.422 loading class jdk/internal/net/http/ExchangeImpl
Event: 5.422 loading class jdk/internal/net/http/ExchangeImpl done
Event: 5.422 loading class jdk/internal/net/http/Exchange
Event: 5.422 loading class jdk/internal/net/http/Exchange done
Event: 5.422 loading class jdk/internal/net/http/Http1Response$State
Event: 5.422 loading class jdk/internal/net/http/Http1Response$State done
Event: 5.422 loading class jdk/internal/net/http/Http1Response$State
Event: 5.422 loading class jdk/internal/net/http/Http1Response$State done
Event: 5.422 loading class jdk/internal/net/http/Http1Response
Event: 5.422 loading class jdk/internal/net/http/Http1Response done
Event: 5.422 loading class java/util/concurrent/CompletableFuture$UniApply
Event: 5.423 loading class java/util/concurrent/CompletableFuture$UniApply done
Event: 5.423 loading class jdk/internal/net/http/Response
Event: 5.423 loading class jdk/internal/net/http/Response done
Event: 5.423 loading class jdk/internal/net/http/Response
Event: 5.423 loading class jdk/internal/net/http/Response done
Event: 5.423 loading class jdk/internal/net/http/Exchange
Event: 5.423 loading class jdk/internal/net/http/Exchange done


Dynamic libraries:
0x00007ff7c7510000 - 0x00007ff7c751d000 	C:\Users\mergi\.jdks\corretto-11.0.15\bin\java.exe
0x00007ff8f21d0000 - 0x00007ff8f23e7000 	C:\WINDOWS\SYSTEM32\ntdll.dll
0x00007ff8f1210000 - 0x00007ff8f12d4000 	C:\WINDOWS\System32\KERNEL32.DLL
0x00007ff8efb70000 - 0x00007ff8eff16000 	C:\WINDOWS\System32\KERNELBASE.dll
0x00007ff8ef890000 - 0x00007ff8ef9a1000 	C:\WINDOWS\System32\ucrtbase.dll
0x00007ff8db040000 - 0x00007ff8db057000 	C:\Users\mergi\.jdks\corretto-11.0.15\bin\jli.dll
0x00007ff8d6850000 - 0x00007ff8d6869000 	C:\Users\mergi\.jdks\corretto-11.0.15\bin\VCRUNTIME140.dll
0x00007ff8f08a0000 - 0x00007ff8f0a4e000 	C:\WINDOWS\System32\USER32.dll
0x00007ff8ef860000 - 0x00007ff8ef886000 	C:\WINDOWS\System32\win32u.dll
0x00007ff8f1f50000 - 0x00007ff8f1f79000 	C:\WINDOWS\System32\GDI32.dll
0x00007ff8efa50000 - 0x00007ff8efb68000 	C:\WINDOWS\System32\gdi32full.dll
0x00007ff8ef9b0000 - 0x00007ff8efa4a000 	C:\WINDOWS\System32\msvcp_win.dll
0x00007ff8e3530000 - 0x00007ff8e37c3000 	C:\WINDOWS\WinSxS\amd64_microsoft.windows.common-controls_6595b64144ccf1df_6.0.22621.2506_none_270c5ae97388e100\COMCTL32.dll
0x00007ff8f0a50000 - 0x00007ff8f0af7000 	C:\WINDOWS\System32\msvcrt.dll
0x00007ff8f1c30000 - 0x00007ff8f1c61000 	C:\WINDOWS\System32\IMM32.DLL
0x00007ff8d5430000 - 0x00007ff8d54cb000 	C:\Users\mergi\.jdks\corretto-11.0.15\bin\msvcp140.dll
0x00007ff8a5a00000 - 0x00007ff8a6583000 	C:\Users\mergi\.jdks\corretto-11.0.15\bin\server\jvm.dll
0x00007ff8f07e0000 - 0x00007ff8f0893000 	C:\WINDOWS\System32\ADVAPI32.dll
0x00007ff8f1fe0000 - 0x00007ff8f2088000 	C:\WINDOWS\System32\sechost.dll
0x00007ff8ef600000 - 0x00007ff8ef628000 	C:\WINDOWS\System32\bcrypt.dll
0x00007ff8f0ca0000 - 0x00007ff8f0db7000 	C:\WINDOWS\System32\RPCRT4.dll
0x00007ff8f2090000 - 0x00007ff8f2098000 	C:\WINDOWS\System32\PSAPI.DLL
0x00007ff8d3700000 - 0x00007ff8d3709000 	C:\WINDOWS\SYSTEM32\WSOCK32.dll
0x00007ff8f0dc0000 - 0x00007ff8f0e31000 	C:\WINDOWS\System32\WS2_32.dll
0x00007ff8ea230000 - 0x00007ff8ea264000 	C:\WINDOWS\SYSTEM32\WINMM.dll
0x00007ff8e6ac0000 - 0x00007ff8e6aca000 	C:\WINDOWS\SYSTEM32\VERSION.dll
0x00007ff8ee550000 - 0x00007ff8ee568000 	C:\WINDOWS\SYSTEM32\kernel.appcore.dll
0x00007ff8db0f0000 - 0x00007ff8db100000 	C:\Users\mergi\.jdks\corretto-11.0.15\bin\verify.dll
0x00007ff8e8f50000 - 0x00007ff8e9183000 	C:\WINDOWS\SYSTEM32\DBGHELP.DLL
0x00007ff8f1810000 - 0x00007ff8f1b99000 	C:\WINDOWS\System32\combase.dll
0x00007ff8f1110000 - 0x00007ff8f11e7000 	C:\WINDOWS\System32\OLEAUT32.dll
0x00007ff8e7d00000 - 0x00007ff8e7d32000 	C:\WINDOWS\SYSTEM32\dbgcore.DLL
0x00007ff8ef510000 - 0x00007ff8ef58a000 	C:\WINDOWS\System32\bcryptPrimitives.dll
0x00007ff8d5a40000 - 0x00007ff8d5a68000 	C:\Users\mergi\.jdks\corretto-11.0.15\bin\java.dll
0x00007ff8daff0000 - 0x00007ff8daffa000 	C:\Users\mergi\.jdks\corretto-11.0.15\bin\jimage.dll
0x00007ff8e4bb0000 - 0x00007ff8e4bbe000 	C:\Users\mergi\.jdks\corretto-11.0.15\bin\instrument.dll
0x00007ff8d59f0000 - 0x00007ff8d5a08000 	C:\Users\mergi\.jdks\corretto-11.0.15\bin\zip.dll
0x00007ff8eff20000 - 0x00007ff8f077b000 	C:\WINDOWS\System32\SHELL32.dll
0x00007ff8ed470000 - 0x00007ff8edd66000 	C:\WINDOWS\SYSTEM32\windows.storage.dll
0x00007ff8ed330000 - 0x00007ff8ed46e000 	C:\WINDOWS\SYSTEM32\wintypes.dll
0x00007ff8f1e50000 - 0x00007ff8f1f43000 	C:\WINDOWS\System32\SHCORE.dll
0x00007ff8f0780000 - 0x00007ff8f07de000 	C:\WINDOWS\System32\shlwapi.dll
0x00007ff8ef440000 - 0x00007ff8ef466000 	C:\WINDOWS\SYSTEM32\profapi.dll
0x00007ff8d5700000 - 0x00007ff8d5719000 	C:\Users\mergi\.jdks\corretto-11.0.15\bin\net.dll
0x00007ff8e8950000 - 0x00007ff8e8a87000 	C:\WINDOWS\SYSTEM32\WINHTTP.dll
0x00007ff8ee9d0000 - 0x00007ff8eea39000 	C:\WINDOWS\system32\mswsock.dll
0x00007ff8d5410000 - 0x00007ff8d5423000 	C:\Users\mergi\.jdks\corretto-11.0.15\bin\nio.dll
0x00007ff8d4490000 - 0x00007ff8d44aa000 	C:\Program Files\JetBrains\IntelliJ IDEA Community Edition 2023.3.2\bin\breakgen64.dll
0x00007ff8eec20000 - 0x00007ff8eec3b000 	C:\WINDOWS\SYSTEM32\CRYPTSP.dll
0x00007ff8ee4b0000 - 0x00007ff8ee4e5000 	C:\WINDOWS\system32\rsaenh.dll
0x00007ff8eeac0000 - 0x00007ff8eeaec000 	C:\WINDOWS\SYSTEM32\USERENV.dll
0x00007ff8eec40000 - 0x00007ff8eec4c000 	C:\WINDOWS\SYSTEM32\CRYPTBASE.dll
0x00007ff8ee010000 - 0x00007ff8ee03d000 	C:\WINDOWS\SYSTEM32\IPHLPAPI.DLL
0x00007ff8f1c20000 - 0x00007ff8f1c29000 	C:\WINDOWS\System32\NSI.dll
0x00007ff8e8930000 - 0x00007ff8e8949000 	C:\WINDOWS\SYSTEM32\dhcpcsvc6.DLL
0x00007ff8e8860000 - 0x00007ff8e887f000 	C:\WINDOWS\SYSTEM32\dhcpcsvc.DLL
0x00007ff8ee090000 - 0x00007ff8ee189000 	C:\WINDOWS\SYSTEM32\DNSAPI.dll
0x00007ff8d67a0000 - 0x00007ff8d67ae000 	C:\Users\mergi\.jdks\corretto-11.0.15\bin\sunmscapi.dll
0x00007ff8ef630000 - 0x00007ff8ef796000 	C:\WINDOWS\System32\CRYPT32.dll
0x00007ff8eede0000 - 0x00007ff8eee0e000 	C:\WINDOWS\SYSTEM32\ncrypt.dll
0x00007ff8eeda0000 - 0x00007ff8eedd7000 	C:\WINDOWS\SYSTEM32\NTASN1.dll
0x00007ff8d4140000 - 0x00007ff8d4165000 	C:\Users\mergi\.jdks\corretto-11.0.15\bin\sunec.dll
0x00007ff8e69d0000 - 0x00007ff8e69da000 	C:\Windows\System32\rasadhlp.dll
0x00007ff8e7c70000 - 0x00007ff8e7cf3000 	C:\WINDOWS\System32\fwpuclnt.dll

dbghelp: loaded successfully - version: 4.0.5 - missing functions: none
symbol engine: initialized successfully - sym options: 0x614 - pdb path: .;C:\Users\mergi\.jdks\corretto-11.0.15\bin;C:\WINDOWS\SYSTEM32;C:\WINDOWS\WinSxS\amd64_microsoft.windows.common-controls_6595b64144ccf1df_6.0.22621.2506_none_270c5ae97388e100;C:\Users\mergi\.jdks\corretto-11.0.15\bin\server;C:\Program Files\JetBrains\IntelliJ IDEA Community Edition 2023.3.2\bin

VM Arguments:
jvm_args: -ea -Didea.test.cyclic.buffer.size=1048576 -javaagent:C:\Program Files\JetBrains\IntelliJ IDEA Community Edition 2023.3.2\lib\idea_rt.jar=63316:C:\Program Files\JetBrains\IntelliJ IDEA Community Edition 2023.3.2\bin -Dfile.encoding=UTF-8 
java_command: com.intellij.rt.testng.RemoteTestNGStarter -usedefaultlisteners false -socket63315 @w@C:\Users\mergi\AppData\Local\Temp\idea_working_dirs_testng.tmp -temp C:\Users\mergi\AppData\Local\Temp\idea_testng.tmp
java_class_path (initial): C:\Program Files\JetBrains\IntelliJ IDEA Community Edition 2023.3.2\lib\idea_rt.jar;C:\Program Files\JetBrains\IntelliJ IDEA Community Edition 2023.3.2\plugins\testng\lib\testng-rt.jar;C:\Users\mergi\IdeaProjects\com.Batch81TestNG\target\test-classes;C:\Users\mergi\IdeaProjects\com.Batch81TestNG\target\classes;C:\Users\mergi\.m2\repository\org\seleniumhq\selenium\selenium-java\4.17.0\selenium-java-4.17.0.jar;C:\Users\mergi\.m2\repository\org\seleniumhq\selenium\selenium-api\4.17.0\selenium-api-4.17.0.jar;C:\Users\mergi\.m2\repository\org\seleniumhq\selenium\selenium-chrome-driver\4.17.0\selenium-chrome-driver-4.17.0.jar;C:\Users\mergi\.m2\repository\com\google\auto\service\auto-service-annotations\1.1.1\auto-service-annotations-1.1.1.jar;C:\Users\mergi\.m2\repository\org\seleniumhq\selenium\selenium-chromium-driver\4.17.0\selenium-chromium-driver-4.17.0.jar;C:\Users\mergi\.m2\repository\org\seleniumhq\selenium\selenium-json\4.17.0\selenium-json-4.17.0.jar;C:\Users\mergi\.m2\repository\org\seleniumhq\selenium\selenium-manager\4.17.0\selenium-manager-4.17.0.jar;C:\Users\mergi\.m2\repository\org\seleniumhq\selenium\selenium-devtools-v119\4.17.0\selenium-devtools-v119-4.17.0.jar;C:\Users\mergi\.m2\repository\org\seleniumhq\selenium\selenium-devtools-v120\4.17.0\selenium-devtools-v120-4.17.0.jar;C:\Users\mergi\.m2\repository\org\seleniumhq\selenium\selenium-devtools-v121\4.17.0\selenium-devtools-v121-4.17.0.jar;C:\Users\mergi\.m2\repository\org\seleniumhq\selenium\selenium-devtools-v85\4.17.0\selenium-devtools-v85-4.17.0.jar;C:\Users\mergi\.m2\repository\org\seleniumhq\selenium\selenium-edge-driver\4.17.0\selenium-edge-driver-4.17.0.jar;C:\Users\mergi\.m2\repository\org\seleniumhq\selenium\selenium-firefox-driver\4.17.0\selenium-firefox-driver-4.17.0.jar;C:\Users\mergi\.m2\repository\org\seleniumhq\selenium\selenium-http\4.17.0\selenium-http-4.17.0.jar;C:\Users\mergi\.m2\repository\dev\failsafe\failsafe\3.3.2\failsafe-3.3.2.jar;C:\Users\mergi
Launcher Type: SUN_STANDARD

[Global flags]
     intx CICompilerCount                          = 3                                         {product} {ergonomic}
     uint ConcGCThreads                            = 1                                         {product} {ergonomic}
     uint G1ConcRefinementThreads                  = 4                                         {product} {ergonomic}
   size_t G1HeapRegionSize                         = 1048576                                   {product} {ergonomic}
    uintx GCDrainStackTargetSize                   = 64                                        {product} {ergonomic}
   size_t InitialHeapSize                          = 58720256                                  {product} {ergonomic}
   size_t MarkStackSize                            = 4194304                                   {product} {ergonomic}
   size_t MaxHeapSize                              = 926941184                                 {product} {ergonomic}
   size_t MaxNewSize                               = 555745280                                 {product} {ergonomic}
   size_t MinHeapDeltaBytes                        = 1048576                                   {product} {ergonomic}
    uintx NonNMethodCodeHeapSize                   = 5830732                                {pd product} {ergonomic}
    uintx NonProfiledCodeHeapSize                  = 122913754                              {pd product} {ergonomic}
    uintx ProfiledCodeHeapSize                     = 122913754                              {pd product} {ergonomic}
    uintx ReservedCodeCacheSize                    = 251658240                              {pd product} {ergonomic}
     bool SegmentedCodeCache                       = true                                      {product} {ergonomic}
     bool UseCompressedClassPointers               = true                                 {lp64_product} {ergonomic}
     bool UseCompressedOops                        = true                                 {lp64_product} {ergonomic}
     bool UseG1GC                                  = true                                      {product} {ergonomic}
     bool UseLargePagesIndividualAllocation        = false                                  {pd product} {ergonomic}

Logging:
Log output configuration:
 #0: stdout all=warning uptime,level,tags
 #1: stderr all=off uptime,level,tags

Environment Variables:
PATH=C:\Program Files\Common Files\Oracle\Java\javapath;C:\WINDOWS\system32;C:\WINDOWS;C:\WINDOWS\System32\Wbem;C:\WINDOWS\System32\WindowsPowerShell\v1.0\;C:\WINDOWS\System32\OpenSSH\;C:\Program Files\Git\cmd;C:\Users\mergi\AppData\Local\Microsoft\WindowsApps;;C:\Users\mergi\AppData\Local\JetBrains\IntelliJ IDEA 2021.3.2\bin;;C:\Program Files\JetBrains\IntelliJ IDEA Community Edition 2021.3.2\bin;
USERNAME=mergi
OS=Windows_NT
PROCESSOR_IDENTIFIER=AMD64 Family 23 Model 24 Stepping 1, AuthenticAMD



---------------  S Y S T E M  ---------------

OS: Windows 11 , 64 bit Build 22621 (10.0.22621.3085)
OS uptime: 2 days 17:50 hours

CPU:total 4 (initial active 4) (4 cores per cpu, 2 threads per core) family 23 model 24 stepping 1 microcode 0x0, cmov, cx8, fxsr, mmx, sse, sse2, sse3, ssse3, sse4.1, sse4.2, popcnt, avx, avx2, aes, clmul, mmxext, 3dnowpref, lzcnt, sse4a, ht, tsc, tscinvbit, tscinv, bmi1, bmi2, adx, sha, fma

Memory: 4k page, system-wide physical 3533M (228M free)
TotalPageFile size 14285M (AvailPageFile size 6M)
current process WorkingSet (physical memory assigned to process): 142M, peak: 146M
current process commit charge ("private bytes"): 195M, peak: 200M

vm_info: OpenJDK 64-Bit Server VM (11.0.15+9-LTS) for windows-amd64 JRE (11.0.15+9-LTS), built on Apr 15 2022 22:20:31 by "Administrator" with unknown MS VC++:1916

END.
