#
# There is insufficient memory for the Java Runtime Environment to continue.
# Native memory allocation (malloc) failed to allocate 554016 bytes for Chunk::new
# Possible reasons:
#   The system is out of physical RAM or swap space
#   The process is running with CompressedOops enabled, and the Java Heap may be blocking the growth of the native heap
# Possible solutions:
#   Reduce memory load on the system
#   Increase physical memory or swap space
#   Check if swap backing store is full
#   Decrease Java heap size (-Xmx/-Xms)
#   Decrease number of Java threads
#   Decrease Java thread stack sizes (-Xss)
#   Set larger code cache with -XX:ReservedCodeCacheSize=
#   JVM is running with Unscaled Compressed Oops mode in which the Java heap is
#     placed in the first 4GB address space. The Java Heap base address is the
#     maximum limit for the native heap growth. Please use -XX:HeapBaseMinAddress
#     to set the Java Heap base and to place the Java Heap above 4GB virtual address.
# This output file may be truncated or incomplete.
#
#  Out of Memory Error (./src/hotspot/share/memory/arena.cpp:197), pid=6384, tid=15692
#
# JRE version: OpenJDK Runtime Environment Corretto-11.0.15.9.1 (11.0.15+9) (build 11.0.15+9-LTS)
# Java VM: OpenJDK 64-Bit Server VM Corretto-11.0.15.9.1 (11.0.15+9-LTS, mixed mode, tiered, compressed oops, g1 gc, windows-amd64)
# No core dump will be written. Minidumps are not enabled by default on client versions of Windows
#

---------------  S U M M A R Y ------------

Command Line: -ea -Didea.test.cyclic.buffer.size=1048576 -javaagent:C:\Program Files\JetBrains\IntelliJ IDEA Community Edition 2023.3.2\lib\idea_rt.jar=63277:C:\Program Files\JetBrains\IntelliJ IDEA Community Edition 2023.3.2\bin -Dfile.encoding=UTF-8 com.intellij.rt.testng.RemoteTestNGStarter -usedefaultlisteners false -socket63276 @w@C:\Users\mergi\AppData\Local\Temp\idea_working_dirs_testng.tmp -temp C:\Users\mergi\AppData\Local\Temp\idea_testng.tmp

Host: AMD Athlon Gold 3150U with Radeon Graphics     , 4 cores, 3G,  Windows 11 , 64 bit Build 22621 (10.0.22621.3085)
Time: Sat Feb 17 17:04:24 2024 Türkiye Standard Time elapsed time: 6.064984 seconds (0d 0h 0m 6s)

---------------  T H R E A D  ---------------

Current thread (0x000001802dc2a000):  JavaThread "C2 CompilerThread0" daemon [_thread_in_native, id=15692, stack(0x0000007e8f200000,0x0000007e8f300000)]


Current CompileTask:
C2:   6065 2232       4       java.net.URLStreamHandler::parseURL (1201 bytes)

Stack: [0x0000007e8f200000,0x0000007e8f300000]
Native frames: (J=compiled Java code, j=interpreted, Vv=VM code, C=native code)
V  [jvm.dll+0x61e7ba]
V  [jvm.dll+0x7ab749]
V  [jvm.dll+0x7ace38]
V  [jvm.dll+0x7ad513]
V  [jvm.dll+0x24f968]
V  [jvm.dll+0xc262c]
V  [jvm.dll+0xc2bec]
V  [jvm.dll+0x2c17e4]
V  [jvm.dll+0x52da49]
V  [jvm.dll+0x210f7d]
V  [jvm.dll+0x20ad16]
V  [jvm.dll+0x207e6b]
V  [jvm.dll+0x18a371]
V  [jvm.dll+0x2176e4]
V  [jvm.dll+0x21592b]
V  [jvm.dll+0x76e250]
V  [jvm.dll+0x7671b4]
V  [jvm.dll+0x61d616]
C  [ucrtbase.dll+0x29363]
C  [KERNEL32.DLL+0x1257d]
C  [ntdll.dll+0x5aa58]


---------------  P R O C E S S  ---------------

Threads class SMR info:
_java_thread_list=0x000001802f206660, length=12, elements={
0x0000018011fad000, 0x000001802dba1000, 0x000001802dbcd800, 0x000001802dc22800,
0x000001802dc23800, 0x000001802dc26800, 0x000001802dc2a000, 0x000001802dc37000,
0x000001802dc39000, 0x0000018012053000, 0x000001802e71a000, 0x000001802fb2d000
}

Java Threads: ( => current thread )
  0x0000018011fad000 JavaThread "main" [_thread_in_Java, id=13016, stack(0x0000007e8e600000,0x0000007e8e700000)]
  0x000001802dba1000 JavaThread "Reference Handler" daemon [_thread_blocked, id=1964, stack(0x0000007e8ed00000,0x0000007e8ee00000)]
  0x000001802dbcd800 JavaThread "Finalizer" daemon [_thread_blocked, id=1020, stack(0x0000007e8ee00000,0x0000007e8ef00000)]
  0x000001802dc22800 JavaThread "Signal Dispatcher" daemon [_thread_blocked, id=9048, stack(0x0000007e8ef00000,0x0000007e8f000000)]
  0x000001802dc23800 JavaThread "Attach Listener" daemon [_thread_blocked, id=14080, stack(0x0000007e8f000000,0x0000007e8f100000)]
  0x000001802dc26800 JavaThread "Service Thread" daemon [_thread_blocked, id=7040, stack(0x0000007e8f100000,0x0000007e8f200000)]
=>0x000001802dc2a000 JavaThread "C2 CompilerThread0" daemon [_thread_in_native, id=15692, stack(0x0000007e8f200000,0x0000007e8f300000)]
  0x000001802dc37000 JavaThread "C1 CompilerThread0" daemon [_thread_blocked, id=16684, stack(0x0000007e8f300000,0x0000007e8f400000)]
  0x000001802dc39000 JavaThread "Sweeper thread" daemon [_thread_blocked, id=6608, stack(0x0000007e8f400000,0x0000007e8f500000)]
  0x0000018012053000 JavaThread "Common-Cleaner" daemon [_thread_blocked, id=5200, stack(0x0000007e8f500000,0x0000007e8f600000)]
  0x000001802e71a000 JavaThread "Monitor Ctrl-Break" daemon [_thread_in_native, id=10048, stack(0x0000007e8f600000,0x0000007e8f700000)]
  0x000001802fb2d000 JavaThread "ForkJoinPool.commonPool-worker-3" daemon [_thread_blocked, id=12064, stack(0x0000007e8f800000,0x0000007e8f900000)]

Other Threads:
  0x000001802db9f800 VMThread "VM Thread" [stack: 0x0000007e8ec00000,0x0000007e8ed00000] [id=13116]
  0x000001802e703800 WatcherThread [stack: 0x0000007e8f700000,0x0000007e8f800000] [id=10832]
  0x0000018011fc5000 GCTaskThread "GC Thread#0" [stack: 0x0000007e8e700000,0x0000007e8e800000] [id=13732]
  0x000001802f6cf800 GCTaskThread "GC Thread#1" [stack: 0x0000007e8f900000,0x0000007e8fa00000] [id=436]
  0x0000018011fdd800 ConcurrentGCThread "G1 Main Marker" [stack: 0x0000007e8e800000,0x0000007e8e900000] [id=11820]
  0x0000018011fdf000 ConcurrentGCThread "G1 Conc#0" [stack: 0x0000007e8e900000,0x0000007e8ea00000] [id=17348]
  0x0000018012026000 ConcurrentGCThread "G1 Refine#0" [stack: 0x0000007e8ea00000,0x0000007e8eb00000] [id=16656]
  0x0000018012027000 ConcurrentGCThread "G1 Young RemSet Sampling" [stack: 0x0000007e8eb00000,0x0000007e8ec00000] [id=17336]

Threads with active compile tasks:
C2 CompilerThread0     6117 2232       4       java.net.URLStreamHandler::parseURL (1201 bytes)

VM state:not at safepoint (normal execution)

VM Mutex/Monitor currently owned by a thread: None

Heap address: 0x00000000c8c00000, size: 884 MB, Compressed Oops mode: 32-bit
Narrow klass base: 0x0000000000000000, Narrow klass shift: 3
Compressed class space size: 1073741824 Address: 0x0000000100000000

Heap:
 garbage-first heap   total 69632K, used 12759K [0x00000000c8c00000, 0x0000000100000000)
  region size 1024K, 3 young (3072K), 1 survivors (1024K)
 Metaspace       used 24469K, capacity 25032K, committed 25216K, reserved 1071104K
  class space    used 2627K, capacity 2858K, committed 2944K, reserved 1048576K
Heap Regions: E=young(eden), S=young(survivor), O=old, HS=humongous(starts), HC=humongous(continues), CS=collection set, F=free, A=archive, TAMS=top-at-mark-start (previous, next)
|   0|0x00000000c8c00000, 0x00000000c8d00000, 0x00000000c8d00000|100%| O|  |TAMS 0x00000000c8d00000, 0x00000000c8c00000| Untracked 
|   1|0x00000000c8d00000, 0x00000000c8e00000, 0x00000000c8e00000|100%| O|  |TAMS 0x00000000c8e00000, 0x00000000c8d00000| Untracked 
|   2|0x00000000c8e00000, 0x00000000c8f00000, 0x00000000c8f00000|100%| O|  |TAMS 0x00000000c8f00000, 0x00000000c8e00000| Untracked 
|   3|0x00000000c8f00000, 0x00000000c9000000, 0x00000000c9000000|100%| O|  |TAMS 0x00000000c9000000, 0x00000000c8f00000| Untracked 
|   4|0x00000000c9000000, 0x00000000c9100000, 0x00000000c9100000|100%| O|  |TAMS 0x00000000c9100000, 0x00000000c9000000| Untracked 
|   5|0x00000000c9100000, 0x00000000c9200000, 0x00000000c9200000|100%| O|  |TAMS 0x00000000c9200000, 0x00000000c9100000| Untracked 
|   6|0x00000000c9200000, 0x00000000c9300000, 0x00000000c9300000|100%| O|  |TAMS 0x00000000c9300000, 0x00000000c9200000| Untracked 
|   7|0x00000000c9300000, 0x00000000c9400000, 0x00000000c9400000|100%| O|  |TAMS 0x00000000c9400000, 0x00000000c9300000| Untracked 
|   8|0x00000000c9400000, 0x00000000c9500000, 0x00000000c9500000|100%| O|  |TAMS 0x00000000c9500000, 0x00000000c9400000| Untracked 
|   9|0x00000000c9500000, 0x00000000c9600000, 0x00000000c9600000|100%| O|  |TAMS 0x00000000c9600000, 0x00000000c9500000| Untracked 
|  10|0x00000000c9600000, 0x00000000c9675c00, 0x00000000c9700000| 45%| O|  |TAMS 0x00000000c9675c00, 0x00000000c9600000| Untracked 
|  11|0x00000000c9700000, 0x00000000c9700000, 0x00000000c9800000|  0%| F|  |TAMS 0x00000000c9700000, 0x00000000c9700000| Untracked 
|  12|0x00000000c9800000, 0x00000000c9800000, 0x00000000c9900000|  0%| F|  |TAMS 0x00000000c9800000, 0x00000000c9800000| Untracked 
|  13|0x00000000c9900000, 0x00000000c9900000, 0x00000000c9a00000|  0%| F|  |TAMS 0x00000000c9900000, 0x00000000c9900000| Untracked 
|  14|0x00000000c9a00000, 0x00000000c9a00000, 0x00000000c9b00000|  0%| F|  |TAMS 0x00000000c9a00000, 0x00000000c9a00000| Untracked 
|  15|0x00000000c9b00000, 0x00000000c9b00000, 0x00000000c9c00000|  0%| F|  |TAMS 0x00000000c9b00000, 0x00000000c9b00000| Untracked 
|  16|0x00000000c9c00000, 0x00000000c9c00000, 0x00000000c9d00000|  0%| F|  |TAMS 0x00000000c9c00000, 0x00000000c9c00000| Untracked 
|  17|0x00000000c9d00000, 0x00000000c9d00000, 0x00000000c9e00000|  0%| F|  |TAMS 0x00000000c9d00000, 0x00000000c9d00000| Untracked 
|  18|0x00000000c9e00000, 0x00000000c9e00000, 0x00000000c9f00000|  0%| F|  |TAMS 0x00000000c9e00000, 0x00000000c9e00000| Untracked 
|  19|0x00000000c9f00000, 0x00000000c9f00000, 0x00000000ca000000|  0%| F|  |TAMS 0x00000000c9f00000, 0x00000000c9f00000| Untracked 
|  20|0x00000000ca000000, 0x00000000ca000000, 0x00000000ca100000|  0%| F|  |TAMS 0x00000000ca000000, 0x00000000ca000000| Untracked 
|  21|0x00000000ca100000, 0x00000000ca100000, 0x00000000ca200000|  0%| F|  |TAMS 0x00000000ca100000, 0x00000000ca100000| Untracked 
|  22|0x00000000ca200000, 0x00000000ca200000, 0x00000000ca300000|  0%| F|  |TAMS 0x00000000ca200000, 0x00000000ca200000| Untracked 
|  23|0x00000000ca300000, 0x00000000ca300000, 0x00000000ca400000|  0%| F|  |TAMS 0x00000000ca300000, 0x00000000ca300000| Untracked 
|  24|0x00000000ca400000, 0x00000000ca400000, 0x00000000ca500000|  0%| F|  |TAMS 0x00000000ca400000, 0x00000000ca400000| Untracked 
|  25|0x00000000ca500000, 0x00000000ca500000, 0x00000000ca600000|  0%| F|  |TAMS 0x00000000ca500000, 0x00000000ca500000| Untracked 
|  26|0x00000000ca600000, 0x00000000ca600000, 0x00000000ca700000|  0%| F|  |TAMS 0x00000000ca600000, 0x00000000ca600000| Untracked 
|  27|0x00000000ca700000, 0x00000000ca700000, 0x00000000ca800000|  0%| F|  |TAMS 0x00000000ca700000, 0x00000000ca700000| Untracked 
|  28|0x00000000ca800000, 0x00000000ca800000, 0x00000000ca900000|  0%| F|  |TAMS 0x00000000ca800000, 0x00000000ca800000| Untracked 
|  29|0x00000000ca900000, 0x00000000ca900000, 0x00000000caa00000|  0%| F|  |TAMS 0x00000000ca900000, 0x00000000ca900000| Untracked 
|  30|0x00000000caa00000, 0x00000000caa00000, 0x00000000cab00000|  0%| F|  |TAMS 0x00000000caa00000, 0x00000000caa00000| Untracked 
|  31|0x00000000cab00000, 0x00000000cab00000, 0x00000000cac00000|  0%| F|  |TAMS 0x00000000cab00000, 0x00000000cab00000| Untracked 
|  32|0x00000000cac00000, 0x00000000cac00000, 0x00000000cad00000|  0%| F|  |TAMS 0x00000000cac00000, 0x00000000cac00000| Untracked 
|  33|0x00000000cad00000, 0x00000000cad00000, 0x00000000cae00000|  0%| F|  |TAMS 0x00000000cad00000, 0x00000000cad00000| Untracked 
|  34|0x00000000cae00000, 0x00000000cae00000, 0x00000000caf00000|  0%| F|  |TAMS 0x00000000cae00000, 0x00000000cae00000| Untracked 
|  35|0x00000000caf00000, 0x00000000caf00000, 0x00000000cb000000|  0%| F|  |TAMS 0x00000000caf00000, 0x00000000caf00000| Untracked 
|  36|0x00000000cb000000, 0x00000000cb000000, 0x00000000cb100000|  0%| F|  |TAMS 0x00000000cb000000, 0x00000000cb000000| Untracked 
|  37|0x00000000cb100000, 0x00000000cb100000, 0x00000000cb200000|  0%| F|  |TAMS 0x00000000cb100000, 0x00000000cb100000| Untracked 
|  38|0x00000000cb200000, 0x00000000cb200000, 0x00000000cb300000|  0%| F|  |TAMS 0x00000000cb200000, 0x00000000cb200000| Untracked 
|  39|0x00000000cb300000, 0x00000000cb300000, 0x00000000cb400000|  0%| F|  |TAMS 0x00000000cb300000, 0x00000000cb300000| Untracked 
|  40|0x00000000cb400000, 0x00000000cb500000, 0x00000000cb500000|100%| S|CS|TAMS 0x00000000cb400000, 0x00000000cb400000| Complete 
|  41|0x00000000cb500000, 0x00000000cb500000, 0x00000000cb600000|  0%| F|  |TAMS 0x00000000cb500000, 0x00000000cb500000| Untracked 
|  42|0x00000000cb600000, 0x00000000cb600000, 0x00000000cb700000|  0%| F|  |TAMS 0x00000000cb600000, 0x00000000cb600000| Untracked 
|  43|0x00000000cb700000, 0x00000000cb700000, 0x00000000cb800000|  0%| F|  |TAMS 0x00000000cb700000, 0x00000000cb700000| Untracked 
|  44|0x00000000cb800000, 0x00000000cb800000, 0x00000000cb900000|  0%| F|  |TAMS 0x00000000cb800000, 0x00000000cb800000| Untracked 
|  45|0x00000000cb900000, 0x00000000cb900000, 0x00000000cba00000|  0%| F|  |TAMS 0x00000000cb900000, 0x00000000cb900000| Untracked 
|  46|0x00000000cba00000, 0x00000000cba00000, 0x00000000cbb00000|  0%| F|  |TAMS 0x00000000cba00000, 0x00000000cba00000| Untracked 
|  47|0x00000000cbb00000, 0x00000000cbb00000, 0x00000000cbc00000|  0%| F|  |TAMS 0x00000000cbb00000, 0x00000000cbb00000| Untracked 
|  48|0x00000000cbc00000, 0x00000000cbc00000, 0x00000000cbd00000|  0%| F|  |TAMS 0x00000000cbc00000, 0x00000000cbc00000| Untracked 
|  49|0x00000000cbd00000, 0x00000000cbd00000, 0x00000000cbe00000|  0%| F|  |TAMS 0x00000000cbd00000, 0x00000000cbd00000| Untracked 
|  50|0x00000000cbe00000, 0x00000000cbe00000, 0x00000000cbf00000|  0%| F|  |TAMS 0x00000000cbe00000, 0x00000000cbe00000| Untracked 
|  51|0x00000000cbf00000, 0x00000000cbf00000, 0x00000000cc000000|  0%| F|  |TAMS 0x00000000cbf00000, 0x00000000cbf00000| Untracked 
|  52|0x00000000cc000000, 0x00000000cc000000, 0x00000000cc100000|  0%| F|  |TAMS 0x00000000cc000000, 0x00000000cc000000| Untracked 
|  53|0x00000000cc100000, 0x00000000cc100000, 0x00000000cc200000|  0%| F|  |TAMS 0x00000000cc100000, 0x00000000cc100000| Untracked 
|  54|0x00000000cc200000, 0x00000000cc200000, 0x00000000cc300000|  0%| F|  |TAMS 0x00000000cc200000, 0x00000000cc200000| Untracked 
|  55|0x00000000cc300000, 0x00000000cc300000, 0x00000000cc400000|  0%| F|  |TAMS 0x00000000cc300000, 0x00000000cc300000| Untracked 
|  56|0x00000000cc400000, 0x00000000cc400000, 0x00000000cc500000|  0%| F|  |TAMS 0x00000000cc400000, 0x00000000cc400000| Untracked 
|  57|0x00000000cc500000, 0x00000000cc500000, 0x00000000cc600000|  0%| F|  |TAMS 0x00000000cc500000, 0x00000000cc500000| Untracked 
|  58|0x00000000cc600000, 0x00000000cc600000, 0x00000000cc700000|  0%| F|  |TAMS 0x00000000cc600000, 0x00000000cc600000| Untracked 
|  59|0x00000000cc700000, 0x00000000cc700000, 0x00000000cc800000|  0%| F|  |TAMS 0x00000000cc700000, 0x00000000cc700000| Untracked 
|  60|0x00000000cc800000, 0x00000000cc800000, 0x00000000cc900000|  0%| F|  |TAMS 0x00000000cc800000, 0x00000000cc800000| Untracked 
|  61|0x00000000cc900000, 0x00000000cc900000, 0x00000000cca00000|  0%| F|  |TAMS 0x00000000cc900000, 0x00000000cc900000| Untracked 
|  62|0x00000000cca00000, 0x00000000cca00000, 0x00000000ccb00000|  0%| F|  |TAMS 0x00000000cca00000, 0x00000000cca00000| Untracked 
|  63|0x00000000ccb00000, 0x00000000ccb00000, 0x00000000ccc00000|  0%| F|  |TAMS 0x00000000ccb00000, 0x00000000ccb00000| Untracked 
|  64|0x00000000ccc00000, 0x00000000ccc00000, 0x00000000ccd00000|  0%| F|  |TAMS 0x00000000ccc00000, 0x00000000ccc00000| Untracked 
|  65|0x00000000ccd00000, 0x00000000ccd00000, 0x00000000cce00000|  0%| F|  |TAMS 0x00000000ccd00000, 0x00000000ccd00000| Untracked 
|  66|0x00000000cce00000, 0x00000000ccf00000, 0x00000000ccf00000|100%| E|  |TAMS 0x00000000cce00000, 0x00000000cce00000| Complete 
|  67|0x00000000ccf00000, 0x00000000cd000000, 0x00000000cd000000|100%| E|CS|TAMS 0x00000000ccf00000, 0x00000000ccf00000| Complete 

Card table byte_map: [0x00000180296f0000,0x00000180298b0000] _byte_map_base: 0x00000180290aa000

Marking Bits (Prev, Next): (CMBitMap*) 0x0000018011fd9170, (CMBitMap*) 0x0000018011fd9138
 Prev Bits: [0x000001802a840000, 0x000001802b610000)
 Next Bits: [0x0000018029a70000, 0x000001802a840000)

Polling page: 0x000001800ff20000

Metaspace:

Usage:
  Non-class:     21.72 MB capacity,    21.35 MB ( 98%) used,   316.69 KB (  1%) free+waste,    62.50 KB ( <1%) overhead. 
      Class:      2.79 MB capacity,     2.57 MB ( 92%) used,   199.31 KB (  7%) free+waste,    30.00 KB (  1%) overhead. 
       Both:     24.51 MB capacity,    23.92 MB ( 98%) used,   516.00 KB (  2%) free+waste,    92.50 KB ( <1%) overhead. 

Virtual space:
  Non-class space:       22.00 MB reserved,      21.75 MB ( 99%) committed 
      Class space:        1.00 GB reserved,       2.88 MB ( <1%) committed 
             Both:        1.02 GB reserved,      24.63 MB (  2%) committed 

Chunk freelists:
   Non-Class:  32.00 KB
       Class:  21.00 KB
        Both:  53.00 KB

MaxMetaspaceSize: 17179869184.00 GB
CompressedClassSpaceSize: 1.00 GB
Initial GC threshold: 20.80 MB
Current GC threshold: 34.79 MB
CDS: off

CodeHeap 'non-profiled nmethods': size=120064Kb used=992Kb max_used=992Kb free=119072Kb
 bounds [0x00000180221b0000, 0x0000018022420000, 0x00000180296f0000]
CodeHeap 'profiled nmethods': size=120000Kb used=4904Kb max_used=4904Kb free=115095Kb
 bounds [0x000001801ac80000, 0x000001801b150000, 0x00000180221b0000]
CodeHeap 'non-nmethods': size=5696Kb used=1209Kb max_used=1222Kb free=4487Kb
 bounds [0x000001801a6f0000, 0x000001801a960000, 0x000001801ac80000]
 total_blobs=2755 nmethods=2276 adapters=391
 compilation: enabled
              stopped_count=0, restarted_count=0
 full_count=0

Compilation events (20 events):
Event: 6.016 Thread 0x000001802dc2a000 nmethod 2201 0x00000180222a3190 code [0x00000180222a3400, 0x00000180222a42e0]
Event: 6.016 Thread 0x000001802dc2a000 2232       4       java.net.URLStreamHandler::parseURL (1201 bytes)
Event: 6.020 Thread 0x000001802dc37000 2234       3       java.lang.String::<init> (127 bytes)
Event: 6.020 Thread 0x000001802dc37000 nmethod 2234 0x000001801b127b90 code [0x000001801b127da0, 0x000001801b1282a8]
Event: 6.020 Thread 0x000001802dc37000 2235       3       java.util.jar.Attributes::putValue (13 bytes)
Event: 6.021 Thread 0x000001802dc37000 nmethod 2235 0x000001801b128490 code [0x000001801b128700, 0x000001801b129148]
Event: 6.021 Thread 0x000001802dc37000 2236       3       java.util.jar.Attributes$Name::of (28 bytes)
Event: 6.022 Thread 0x000001802dc37000 nmethod 2236 0x000001801b129490 code [0x000001801b1296c0, 0x000001801b129d58]
Event: 6.022 Thread 0x000001802dc37000 2237       3       java.util.jar.Attributes::put (18 bytes)
Event: 6.022 Thread 0x000001802dc37000 nmethod 2237 0x000001801b12a010 code [0x000001801b12a1e0, 0x000001801b12a568]
Event: 6.039 Thread 0x000001802dc37000 2239       3       jdk.internal.misc.Unsafe::getAndAddInt (27 bytes)
Event: 6.040 Thread 0x000001802dc37000 nmethod 2239 0x000001801b12a690 code [0x000001801b12a840, 0x000001801b12aa78]
Event: 6.055 Thread 0x000001802dc37000 2241       3       java.lang.reflect.Constructor::getRoot (5 bytes)
Event: 6.055 Thread 0x000001802dc37000 nmethod 2241 0x000001801b12ab90 code [0x000001801b12ad40, 0x000001801b12ae58]
Event: 6.055 Thread 0x000001802dc37000 2242       1       java.lang.invoke.MethodHandle::internalForm (5 bytes)
Event: 6.055 Thread 0x000001802dc37000 nmethod 2242 0x00000180222a4a10 code [0x00000180222a4bc0, 0x00000180222a4c78]
Event: 6.055 Thread 0x000001802dc37000 2243       1       java.lang.invoke.MethodHandleImpl$IntrinsicMethodHandle::getTarget (5 bytes)
Event: 6.055 Thread 0x000001802dc37000 nmethod 2243 0x00000180222a4d10 code [0x00000180222a4ec0, 0x00000180222a4f78]
Event: 6.057 Thread 0x000001802dc37000 2244       3       java.util.AbstractCollection::toArray (144 bytes)
Event: 6.060 Thread 0x000001802dc37000 nmethod 2244 0x000001801b12af10 code [0x000001801b12b1e0, 0x000001801b12c2f8]

GC Heap History (14 events):
Event: 1.206 GC heap before
{Heap before GC invocations=0 (full 0):
 garbage-first heap   total 57344K, used 13312K [0x00000000c8c00000, 0x0000000100000000)
  region size 1024K, 14 young (14336K), 0 survivors (0K)
 Metaspace       used 9042K, capacity 9185K, committed 9344K, reserved 1058816K
  class space    used 824K, capacity 887K, committed 896K, reserved 1048576K
}
Event: 1.215 GC heap after
{Heap after GC invocations=1 (full 0):
 garbage-first heap   total 57344K, used 5671K [0x00000000c8c00000, 0x0000000100000000)
  region size 1024K, 2 young (2048K), 2 survivors (2048K)
 Metaspace       used 9042K, capacity 9185K, committed 9344K, reserved 1058816K
  class space    used 824K, capacity 887K, committed 896K, reserved 1048576K
}
Event: 2.136 GC heap before
{Heap before GC invocations=1 (full 0):
 garbage-first heap   total 57344K, used 16935K [0x00000000c8c00000, 0x0000000100000000)
  region size 1024K, 14 young (14336K), 2 survivors (2048K)
 Metaspace       used 14311K, capacity 14668K, committed 14976K, reserved 1062912K
  class space    used 1414K, capacity 1555K, committed 1664K, reserved 1048576K
}
Event: 2.144 GC heap after
{Heap after GC invocations=2 (full 0):
 garbage-first heap   total 57344K, used 7377K [0x00000000c8c00000, 0x0000000100000000)
  region size 1024K, 2 young (2048K), 2 survivors (2048K)
 Metaspace       used 14311K, capacity 14668K, committed 14976K, reserved 1062912K
  class space    used 1414K, capacity 1555K, committed 1664K, reserved 1048576K
}
Event: 2.866 GC heap before
{Heap before GC invocations=2 (full 0):
 garbage-first heap   total 57344K, used 26833K [0x00000000c8c00000, 0x0000000100000000)
  region size 1024K, 21 young (21504K), 2 survivors (2048K)
 Metaspace       used 18470K, capacity 18937K, committed 19200K, reserved 1067008K
  class space    used 1855K, capacity 2037K, committed 2048K, reserved 1048576K
}
Event: 2.878 GC heap after
{Heap after GC invocations=3 (full 0):
 garbage-first heap   total 57344K, used 10582K [0x00000000c8c00000, 0x0000000100000000)
  region size 1024K, 3 young (3072K), 3 survivors (3072K)
 Metaspace       used 18470K, capacity 18937K, committed 19200K, reserved 1067008K
  class space    used 1855K, capacity 2037K, committed 2048K, reserved 1048576K
}
Event: 3.183 GC heap before
{Heap before GC invocations=3 (full 0):
 garbage-first heap   total 57344K, used 15702K [0x00000000c8c00000, 0x0000000100000000)
  region size 1024K, 9 young (9216K), 3 survivors (3072K)
 Metaspace       used 20651K, capacity 21119K, committed 21248K, reserved 1069056K
  class space    used 2143K, capacity 2295K, committed 2304K, reserved 1048576K
}
Event: 3.196 GC heap after
{Heap after GC invocations=4 (full 0):
 garbage-first heap   total 57344K, used 11487K [0x00000000c8c00000, 0x0000000100000000)
  region size 1024K, 1 young (1024K), 1 survivors (1024K)
 Metaspace       used 20651K, capacity 21119K, committed 21248K, reserved 1069056K
  class space    used 2143K, capacity 2295K, committed 2304K, reserved 1048576K
}
Event: 5.575 GC heap before
{Heap before GC invocations=5 (full 0):
 garbage-first heap   total 57344K, used 27871K [0x00000000c8c00000, 0x0000000100000000)
  region size 1024K, 18 young (18432K), 1 survivors (1024K)
 Metaspace       used 22796K, capacity 23212K, committed 23424K, reserved 1071104K
  class space    used 2399K, capacity 2565K, committed 2688K, reserved 1048576K
}
Event: 5.579 GC heap after
{Heap after GC invocations=6 (full 0):
 garbage-first heap   total 69632K, used 11624K [0x00000000c8c00000, 0x0000000100000000)
  region size 1024K, 1 young (1024K), 1 survivors (1024K)
 Metaspace       used 22796K, capacity 23212K, committed 23424K, reserved 1071104K
  class space    used 2399K, capacity 2565K, committed 2688K, reserved 1048576K
}
Event: 5.775 GC heap before
{Heap before GC invocations=6 (full 0):
 garbage-first heap   total 69632K, used 35176K [0x00000000c8c00000, 0x0000000100000000)
  region size 1024K, 24 young (24576K), 1 survivors (1024K)
 Metaspace       used 22892K, capacity 23357K, committed 23680K, reserved 1071104K
  class space    used 2402K, capacity 2569K, committed 2688K, reserved 1048576K
}
Event: 5.777 GC heap after
{Heap after GC invocations=7 (full 0):
 garbage-first heap   total 69632K, used 11663K [0x00000000c8c00000, 0x0000000100000000)
  region size 1024K, 1 young (1024K), 1 survivors (1024K)
 Metaspace       used 22892K, capacity 23357K, committed 23680K, reserved 1071104K
  class space    used 2402K, capacity 2569K, committed 2688K, reserved 1048576K
}
Event: 6.058 GC heap before
{Heap before GC invocations=7 (full 0):
 garbage-first heap   total 69632K, used 38287K [0x00000000c8c00000, 0x0000000100000000)
  region size 1024K, 27 young (27648K), 1 survivors (1024K)
 Metaspace       used 23964K, capacity 24500K, committed 24576K, reserved 1071104K
  class space    used 2557K, capacity 2741K, committed 2816K, reserved 1048576K
}
Event: 6.060 GC heap after
{Heap after GC invocations=8 (full 0):
 garbage-first heap   total 69632K, used 11735K [0x00000000c8c00000, 0x0000000100000000)
  region size 1024K, 1 young (1024K), 1 survivors (1024K)
 Metaspace       used 23964K, capacity 24500K, committed 24576K, reserved 1071104K
  class space    used 2557K, capacity 2741K, committed 2816K, reserved 1048576K
}

Deoptimization events (20 events):
Event: 5.849 Thread 0x0000018011fad000 DEOPT PACKING pc=0x000001801b041abe sp=0x0000007e8e6fd7c0
Event: 5.849 Thread 0x0000018011fad000 DEOPT UNPACKING pc=0x000001801a73a95e sp=0x0000007e8e6fcc68 mode 0
Event: 5.851 Thread 0x0000018011fad000 DEOPT PACKING pc=0x000001801b041abe sp=0x0000007e8e6fd7c0
Event: 5.851 Thread 0x0000018011fad000 DEOPT UNPACKING pc=0x000001801a73a95e sp=0x0000007e8e6fcc68 mode 0
Event: 5.854 Thread 0x0000018011fad000 DEOPT PACKING pc=0x000001801b041abe sp=0x0000007e8e6fd820
Event: 5.854 Thread 0x0000018011fad000 DEOPT UNPACKING pc=0x000001801a73a95e sp=0x0000007e8e6fccc8 mode 0
Event: 5.856 Thread 0x0000018011fad000 DEOPT PACKING pc=0x000001801b041abe sp=0x0000007e8e6fd820
Event: 5.856 Thread 0x0000018011fad000 DEOPT UNPACKING pc=0x000001801a73a95e sp=0x0000007e8e6fccc8 mode 0
Event: 5.857 Thread 0x0000018011fad000 DEOPT PACKING pc=0x000001801b041abe sp=0x0000007e8e6fd7c0
Event: 5.857 Thread 0x0000018011fad000 DEOPT UNPACKING pc=0x000001801a73a95e sp=0x0000007e8e6fcc68 mode 0
Event: 5.858 Thread 0x0000018011fad000 DEOPT PACKING pc=0x000001801b041abe sp=0x0000007e8e6fd7c0
Event: 5.858 Thread 0x0000018011fad000 DEOPT UNPACKING pc=0x000001801a73a95e sp=0x0000007e8e6fcc68 mode 0
Event: 5.859 Thread 0x0000018011fad000 DEOPT PACKING pc=0x000001801b041abe sp=0x0000007e8e6fd820
Event: 5.859 Thread 0x0000018011fad000 DEOPT UNPACKING pc=0x000001801a73a95e sp=0x0000007e8e6fccc8 mode 0
Event: 5.860 Thread 0x0000018011fad000 DEOPT PACKING pc=0x000001801b041abe sp=0x0000007e8e6fd820
Event: 5.860 Thread 0x0000018011fad000 DEOPT UNPACKING pc=0x000001801a73a95e sp=0x0000007e8e6fccc8 mode 0
Event: 5.976 Thread 0x0000018011fad000 Uncommon trap: trap_request=0xffffff4d fr.pc=0x0000018022275b00 relative=0x0000000000000a80
Event: 5.976 Thread 0x0000018011fad000 Uncommon trap: reason=unstable_if action=reinterpret pc=0x0000018022275b00 method=java.util.Properties$LineReader.readLine()I @ 256 c2
Event: 5.976 Thread 0x0000018011fad000 DEOPT PACKING pc=0x0000018022275b00 sp=0x0000007e8e6fb660
Event: 5.976 Thread 0x0000018011fad000 DEOPT UNPACKING pc=0x000001801a73a1af sp=0x0000007e8e6fb5b8 mode 2

Classes redefined (0 events):
No events

Internal exceptions (20 events):
Event: 2.026 Thread 0x0000018011fad000 Exception <a 'java/lang/NoSuchMethodError'{0x00000000cbbb0540}: 'java.lang.Object java.lang.invoke.Invokers$Holder.linkToTargetMethod(java.lang.Object, java.lang.Object, int, java.lang.Object, java.lang.Object)'> (0x00000000cbbb0540) thrown at [./src/hotspot/share/interpreter/linkResolver.cpp, line 773]
Event: 2.048 Thread 0x0000018011fad000 Exception <a 'java/lang/NoSuchMethodError'{0x00000000cba06c18}: 'java.lang.Object java.lang.invoke.DirectMethodHandle$Holder.newInvokeSpecial(java.lang.Object, java.lang.Object, java.lang.Object)'> (0x00000000cba06c18) thrown at [./src/hotspot/share/interpreter/linkResolver.cpp, line 773]
Event: 2.062 Thread 0x0000018011fad000 Exception <a 'java/lang/NoSuchMethodError'{0x00000000cba6bf18}: 'void java.lang.invoke.DirectMethodHandle$Holder.invokeSpecial(java.lang.Object, java.lang.Object, java.lang.Object, java.lang.Object)'> (0x00000000cba6bf18) thrown at [./src/hotspot/share/interpreter/linkResolver.cpp, line 773]
Event: 2.080 Thread 0x0000018011fad000 Exception <a 'java/lang/NoSuchMethodError'{0x00000000cb901d10}: 'void java.lang.invoke.DirectMethodHandle$Holder.invokeInterface(java.lang.Object, java.lang.Object)'> (0x00000000cb901d10) thrown at [./src/hotspot/share/interpreter/linkResolver.cpp, line 773]
Event: 2.456 Thread 0x0000018011fad000 Exception <a 'sun/nio/fs/WindowsException'{0x00000000cba29238}> (0x00000000cba29238) thrown at [./src/hotspot/share/prims/jni.cpp, line 617]
Event: 2.477 Thread 0x0000018011fad000 Exception <a 'java/lang/NoSuchMethodError'{0x00000000cba4dae8}: 'int java.lang.invoke.DirectMethodHandle$Holder.invokeStaticInit(java.lang.Object, java.lang.Object, java.lang.Object, java.lang.Object)'> (0x00000000cba4dae8) thrown at [./src/hotspot/share/interpreter/linkResolver.cpp, line 773]
Event: 2.479 Thread 0x0000018011fad000 Exception <a 'java/lang/NoSuchMethodError'{0x00000000cba59090}: 'void java.lang.invoke.DirectMethodHandle$Holder.invokeStaticInit(java.lang.Object, java.lang.Object)'> (0x00000000cba59090) thrown at [./src/hotspot/share/interpreter/linkResolver.cpp, line 773]
Event: 2.782 Thread 0x0000018011fad000 Exception <a 'java/lang/NoSuchMethodError'{0x00000000cb03a818}: 'java.lang.Object java.lang.invoke.DirectMethodHandle$Holder.invokeVirtual(java.lang.Object, java.lang.Object, java.lang.Object)'> (0x00000000cb03a818) thrown at [./src/hotspot/share/interpreter/linkResolver.cpp, line 773]
Event: 3.347 Thread 0x0000018011fad000 Implicit null exception at 0x0000018022230e2c to 0x0000018022230fda
Event: 3.355 Thread 0x0000018011fad000 Implicit null exception at 0x0000018022267d32 to 0x0000018022268451
Event: 3.508 Thread 0x0000018011fad000 Exception <a 'java/lang/NoSuchMethodError'{0x00000000cc147490}: 'void java.lang.invoke.DirectMethodHandle$Holder.invokeStatic(java.lang.Object, long)'> (0x00000000cc147490) thrown at [./src/hotspot/share/interpreter/linkResolver.cpp, line 773]
Event: 3.509 Thread 0x0000018011fad000 Exception <a 'java/lang/NoSuchMethodError'{0x00000000cc14c570}: 'java.lang.Object java.lang.invoke.DirectMethodHandle$Holder.invokeStatic(java.lang.Object, long)'> (0x00000000cc14c570) thrown at [./src/hotspot/share/interpreter/linkResolver.cpp, line 773]
Event: 3.509 Thread 0x0000018011fad000 Exception <a 'java/lang/NoSuchMethodError'{0x00000000cc14fd00}: 'java.lang.Object java.lang.invoke.DirectMethodHandle$Holder.invokeSpecial(java.lang.Object, java.lang.Object, long)'> (0x00000000cc14fd00) thrown at [./src/hotspot/share/interpreter/linkResolver.cpp, line 773]
Event: 3.513 Thread 0x0000018011fad000 Exception <a 'java/lang/NoSuchMethodError'{0x00000000cc15af18}: 'java.lang.Object java.lang.invoke.DirectMethodHandle$Holder.invokeStaticInit(java.lang.Object, java.lang.Object, long, java.lang.Object)'> (0x00000000cc15af18) thrown at [./src/hotspot/share/interpreter/linkResolver.cpp, line 773]
Event: 3.514 Thread 0x0000018011fad000 Exception <a 'java/lang/NoSuchMethodError'{0x00000000cc164150}: 'java.lang.Object java.lang.invoke.Invokers$Holder.linkToTargetMethod(java.lang.Object, long, java.lang.Object)'> (0x00000000cc164150) thrown at [./src/hotspot/share/interpreter/linkResolver.cpp, line 773]
Event: 5.937 Thread 0x0000018011fad000 Exception <a 'java/lang/NoSuchMethodError'{0x00000000cb9a8368}: 'void java.lang.invoke.DirectMethodHandle$Holder.invokeVirtual(java.lang.Object, java.lang.Object)'> (0x00000000cb9a8368) thrown at [./src/hotspot/share/interpreter/linkResolver.cpp, line 773]
Event: 5.938 Thread 0x0000018011fad000 Exception <a 'java/lang/NoSuchMethodError'{0x00000000cb9b0210}: 'int java.lang.invoke.DirectMethodHandle$Holder.invokeStatic(java.lang.Object, java.lang.Object, int, java.lang.Object)'> (0x00000000cb9b0210) thrown at [./src/hotspot/share/interpreter/linkResolver.cpp, line 773]
Event: 5.939 Thread 0x0000018011fad000 Exception <a 'java/lang/NoSuchMethodError'{0x00000000cb9b72c8}: 'java.lang.Object java.lang.invoke.Invokers$Holder.linkToTargetMethod(java.lang.Object, int, java.lang.Object)'> (0x00000000cb9b72c8) thrown at [./src/hotspot/share/interpreter/linkResolver.cpp, line 773]
Event: 5.939 Thread 0x0000018011fad000 Exception <a 'java/lang/IncompatibleClassChangeError'{0x00000000cb9b9df0}: Found class java.lang.Object, but interface was expected> (0x00000000cb9b9df0) thrown at [./src/hotspot/share/interpreter/linkResolver.cpp, line 839]
Event: 6.056 Thread 0x0000018011fad000 Exception <a 'java/lang/NoSuchMethodError'{0x00000000cb5f81c0}: 'java.lang.Object java.lang.invoke.DirectMethodHandle$Holder.invokeSpecialIFC(java.lang.Object, java.lang.Object, java.lang.Object, java.lang.Object)'> (0x00000000cb5f81c0) thrown at [./src/hotspot/share/interpreter/linkResolver.cpp, line 773]

Events (20 events):
Event: 6.053 loading class org/openqa/selenium/remote/http/HttpMethod done
Event: 6.053 loading class org/openqa/selenium/firefox/AddHasExtensions
Event: 6.053 loading class org/openqa/selenium/firefox/AddHasExtensions done
Event: 6.054 loading class org/openqa/selenium/firefox/AddHasFullPageScreenshot
Event: 6.054 loading class org/openqa/selenium/firefox/AddHasFullPageScreenshot done
Event: 6.054 loading class java/util/ImmutableCollections$Map1
Event: 6.054 loading class java/util/ImmutableCollections$Map1 done
Event: 6.057 loading class java/util/ImmutableCollections$MapN$1
Event: 6.057 loading class java/util/ImmutableCollections$MapN$1 done
Event: 6.057 loading class java/util/ImmutableCollections$MapN$MapNIterator
Event: 6.057 loading class java/util/ImmutableCollections$MapN$MapNIterator done
Event: 6.057 loading class org/openqa/selenium/remote/HttpCommandExecutor$DefaultClientFactoryHolder
Event: 6.057 loading class org/openqa/selenium/remote/HttpCommandExecutor$DefaultClientFactoryHolder done
Event: 6.058 Executing VM operation: G1CollectForAllocation
Event: 6.060 Executing VM operation: G1CollectForAllocation done
Event: 6.060 Executing VM operation: RevokeBias
Event: 6.060 Executing VM operation: RevokeBias done
Event: 6.060 Executing VM operation: RevokeBias
Event: 6.060 Executing VM operation: RevokeBias done
Event: 6.060 Executing VM operation: RevokeBias


Dynamic libraries:
0x00007ff7c7510000 - 0x00007ff7c751d000 	C:\Users\mergi\.jdks\corretto-11.0.15\bin\java.exe
0x00007ff8f21d0000 - 0x00007ff8f23e7000 	C:\WINDOWS\SYSTEM32\ntdll.dll
0x00007ff8f1210000 - 0x00007ff8f12d4000 	C:\WINDOWS\System32\KERNEL32.DLL
0x00007ff8efb70000 - 0x00007ff8eff16000 	C:\WINDOWS\System32\KERNELBASE.dll
0x00007ff8ef890000 - 0x00007ff8ef9a1000 	C:\WINDOWS\System32\ucrtbase.dll
0x00007ff8db040000 - 0x00007ff8db057000 	C:\Users\mergi\.jdks\corretto-11.0.15\bin\jli.dll
0x00007ff8d6850000 - 0x00007ff8d6869000 	C:\Users\mergi\.jdks\corretto-11.0.15\bin\VCRUNTIME140.dll
0x00007ff8f08a0000 - 0x00007ff8f0a4e000 	C:\WINDOWS\System32\USER32.dll
0x00007ff8ef860000 - 0x00007ff8ef886000 	C:\WINDOWS\System32\win32u.dll
0x00007ff8e3530000 - 0x00007ff8e37c3000 	C:\WINDOWS\WinSxS\amd64_microsoft.windows.common-controls_6595b64144ccf1df_6.0.22621.2506_none_270c5ae97388e100\COMCTL32.dll
0x00007ff8f1f50000 - 0x00007ff8f1f79000 	C:\WINDOWS\System32\GDI32.dll
0x00007ff8f0a50000 - 0x00007ff8f0af7000 	C:\WINDOWS\System32\msvcrt.dll
0x00007ff8efa50000 - 0x00007ff8efb68000 	C:\WINDOWS\System32\gdi32full.dll
0x00007ff8ef9b0000 - 0x00007ff8efa4a000 	C:\WINDOWS\System32\msvcp_win.dll
0x00007ff8f1c30000 - 0x00007ff8f1c61000 	C:\WINDOWS\System32\IMM32.DLL
0x00007ff8d5430000 - 0x00007ff8d54cb000 	C:\Users\mergi\.jdks\corretto-11.0.15\bin\msvcp140.dll
0x00007ff8a5a00000 - 0x00007ff8a6583000 	C:\Users\mergi\.jdks\corretto-11.0.15\bin\server\jvm.dll
0x00007ff8f07e0000 - 0x00007ff8f0893000 	C:\WINDOWS\System32\ADVAPI32.dll
0x00007ff8f1fe0000 - 0x00007ff8f2088000 	C:\WINDOWS\System32\sechost.dll
0x00007ff8ef600000 - 0x00007ff8ef628000 	C:\WINDOWS\System32\bcrypt.dll
0x00007ff8f0ca0000 - 0x00007ff8f0db7000 	C:\WINDOWS\System32\RPCRT4.dll
0x00007ff8f2090000 - 0x00007ff8f2098000 	C:\WINDOWS\System32\PSAPI.DLL
0x00007ff8d3700000 - 0x00007ff8d3709000 	C:\WINDOWS\SYSTEM32\WSOCK32.dll
0x00007ff8ea230000 - 0x00007ff8ea264000 	C:\WINDOWS\SYSTEM32\WINMM.dll
0x00007ff8f0dc0000 - 0x00007ff8f0e31000 	C:\WINDOWS\System32\WS2_32.dll
0x00007ff8e6ac0000 - 0x00007ff8e6aca000 	C:\WINDOWS\SYSTEM32\VERSION.dll
0x00007ff8ee550000 - 0x00007ff8ee568000 	C:\WINDOWS\SYSTEM32\kernel.appcore.dll
0x00007ff8db0f0000 - 0x00007ff8db100000 	C:\Users\mergi\.jdks\corretto-11.0.15\bin\verify.dll
0x00007ff8e8f50000 - 0x00007ff8e9183000 	C:\WINDOWS\SYSTEM32\DBGHELP.DLL
0x00007ff8f1810000 - 0x00007ff8f1b99000 	C:\WINDOWS\System32\combase.dll
0x00007ff8f1110000 - 0x00007ff8f11e7000 	C:\WINDOWS\System32\OLEAUT32.dll
0x00007ff8e7d00000 - 0x00007ff8e7d32000 	C:\WINDOWS\SYSTEM32\dbgcore.DLL
0x00007ff8ef510000 - 0x00007ff8ef58a000 	C:\WINDOWS\System32\bcryptPrimitives.dll
0x00007ff8d5a40000 - 0x00007ff8d5a68000 	C:\Users\mergi\.jdks\corretto-11.0.15\bin\java.dll
0x00007ff8daff0000 - 0x00007ff8daffa000 	C:\Users\mergi\.jdks\corretto-11.0.15\bin\jimage.dll
0x00007ff8e8580000 - 0x00007ff8e858e000 	C:\Users\mergi\.jdks\corretto-11.0.15\bin\instrument.dll
0x00007ff8d59f0000 - 0x00007ff8d5a08000 	C:\Users\mergi\.jdks\corretto-11.0.15\bin\zip.dll
0x00007ff8eff20000 - 0x00007ff8f077b000 	C:\WINDOWS\System32\SHELL32.dll
0x00007ff8ed470000 - 0x00007ff8edd66000 	C:\WINDOWS\SYSTEM32\windows.storage.dll
0x00007ff8ed330000 - 0x00007ff8ed46e000 	C:\WINDOWS\SYSTEM32\wintypes.dll
0x00007ff8f1e50000 - 0x00007ff8f1f43000 	C:\WINDOWS\System32\SHCORE.dll
0x00007ff8f0780000 - 0x00007ff8f07de000 	C:\WINDOWS\System32\shlwapi.dll
0x00007ff8ef440000 - 0x00007ff8ef466000 	C:\WINDOWS\SYSTEM32\profapi.dll
0x00007ff8d5700000 - 0x00007ff8d5719000 	C:\Users\mergi\.jdks\corretto-11.0.15\bin\net.dll
0x00007ff8e8950000 - 0x00007ff8e8a87000 	C:\WINDOWS\SYSTEM32\WINHTTP.dll
0x00007ff8ee9d0000 - 0x00007ff8eea39000 	C:\WINDOWS\system32\mswsock.dll
0x00007ff8d5410000 - 0x00007ff8d5423000 	C:\Users\mergi\.jdks\corretto-11.0.15\bin\nio.dll
0x00007ff8d5370000 - 0x00007ff8d538a000 	C:\Program Files\JetBrains\IntelliJ IDEA Community Edition 2023.3.2\bin\breakgen64.dll
0x00007ff8eec20000 - 0x00007ff8eec3b000 	C:\WINDOWS\SYSTEM32\CRYPTSP.dll
0x00007ff8ee4b0000 - 0x00007ff8ee4e5000 	C:\WINDOWS\system32\rsaenh.dll
0x00007ff8eeac0000 - 0x00007ff8eeaec000 	C:\WINDOWS\SYSTEM32\USERENV.dll
0x00007ff8eec40000 - 0x00007ff8eec4c000 	C:\WINDOWS\SYSTEM32\CRYPTBASE.dll
0x00007ff8ee010000 - 0x00007ff8ee03d000 	C:\WINDOWS\SYSTEM32\IPHLPAPI.DLL
0x00007ff8f1c20000 - 0x00007ff8f1c29000 	C:\WINDOWS\System32\NSI.dll
0x00007ff8e8930000 - 0x00007ff8e8949000 	C:\WINDOWS\SYSTEM32\dhcpcsvc6.DLL
0x00007ff8e8860000 - 0x00007ff8e887f000 	C:\WINDOWS\SYSTEM32\dhcpcsvc.DLL
0x00007ff8ee090000 - 0x00007ff8ee189000 	C:\WINDOWS\SYSTEM32\DNSAPI.dll
0x00007ff8d6870000 - 0x00007ff8d687e000 	C:\Users\mergi\.jdks\corretto-11.0.15\bin\sunmscapi.dll
0x00007ff8ef630000 - 0x00007ff8ef796000 	C:\WINDOWS\System32\CRYPT32.dll
0x00007ff8eede0000 - 0x00007ff8eee0e000 	C:\WINDOWS\SYSTEM32\ncrypt.dll
0x00007ff8eeda0000 - 0x00007ff8eedd7000 	C:\WINDOWS\SYSTEM32\NTASN1.dll
0x00007ff8d48c0000 - 0x00007ff8d48e5000 	C:\Users\mergi\.jdks\corretto-11.0.15\bin\sunec.dll
0x00007ff8e69d0000 - 0x00007ff8e69da000 	C:\Windows\System32\rasadhlp.dll
0x00007ff8e7c70000 - 0x00007ff8e7cf3000 	C:\WINDOWS\System32\fwpuclnt.dll

dbghelp: loaded successfully - version: 4.0.5 - missing functions: none
symbol engine: initialized successfully - sym options: 0x614 - pdb path: .;C:\Users\mergi\.jdks\corretto-11.0.15\bin;C:\WINDOWS\SYSTEM32;C:\WINDOWS\WinSxS\amd64_microsoft.windows.common-controls_6595b64144ccf1df_6.0.22621.2506_none_270c5ae97388e100;C:\Users\mergi\.jdks\corretto-11.0.15\bin\server;C:\Program Files\JetBrains\IntelliJ IDEA Community Edition 2023.3.2\bin

VM Arguments:
jvm_args: -ea -Didea.test.cyclic.buffer.size=1048576 -javaagent:C:\Program Files\JetBrains\IntelliJ IDEA Community Edition 2023.3.2\lib\idea_rt.jar=63277:C:\Program Files\JetBrains\IntelliJ IDEA Community Edition 2023.3.2\bin -Dfile.encoding=UTF-8 
java_command: com.intellij.rt.testng.RemoteTestNGStarter -usedefaultlisteners false -socket63276 @w@C:\Users\mergi\AppData\Local\Temp\idea_working_dirs_testng.tmp -temp C:\Users\mergi\AppData\Local\Temp\idea_testng.tmp
java_class_path (initial): C:\Program Files\JetBrains\IntelliJ IDEA Community Edition 2023.3.2\lib\idea_rt.jar;C:\Program Files\JetBrains\IntelliJ IDEA Community Edition 2023.3.2\plugins\testng\lib\testng-rt.jar;C:\Users\mergi\IdeaProjects\com.Batch81TestNG\target\test-classes;C:\Users\mergi\IdeaProjects\com.Batch81TestNG\target\classes;C:\Users\mergi\.m2\repository\org\seleniumhq\selenium\selenium-java\4.17.0\selenium-java-4.17.0.jar;C:\Users\mergi\.m2\repository\org\seleniumhq\selenium\selenium-api\4.17.0\selenium-api-4.17.0.jar;C:\Users\mergi\.m2\repository\org\seleniumhq\selenium\selenium-chrome-driver\4.17.0\selenium-chrome-driver-4.17.0.jar;C:\Users\mergi\.m2\repository\com\google\auto\service\auto-service-annotations\1.1.1\auto-service-annotations-1.1.1.jar;C:\Users\mergi\.m2\repository\org\seleniumhq\selenium\selenium-chromium-driver\4.17.0\selenium-chromium-driver-4.17.0.jar;C:\Users\mergi\.m2\repository\org\seleniumhq\selenium\selenium-json\4.17.0\selenium-json-4.17.0.jar;C:\Users\mergi\.m2\repository\org\seleniumhq\selenium\selenium-manager\4.17.0\selenium-manager-4.17.0.jar;C:\Users\mergi\.m2\repository\org\seleniumhq\selenium\selenium-devtools-v119\4.17.0\selenium-devtools-v119-4.17.0.jar;C:\Users\mergi\.m2\repository\org\seleniumhq\selenium\selenium-devtools-v120\4.17.0\selenium-devtools-v120-4.17.0.jar;C:\Users\mergi\.m2\repository\org\seleniumhq\selenium\selenium-devtools-v121\4.17.0\selenium-devtools-v121-4.17.0.jar;C:\Users\mergi\.m2\repository\org\seleniumhq\selenium\selenium-devtools-v85\4.17.0\selenium-devtools-v85-4.17.0.jar;C:\Users\mergi\.m2\repository\org\seleniumhq\selenium\selenium-edge-driver\4.17.0\selenium-edge-driver-4.17.0.jar;C:\Users\mergi\.m2\repository\org\seleniumhq\selenium\selenium-firefox-driver\4.17.0\selenium-firefox-driver-4.17.0.jar;C:\Users\mergi\.m2\repository\org\seleniumhq\selenium\selenium-http\4.17.0\selenium-http-4.17.0.jar;C:\Users\mergi\.m2\repository\dev\failsafe\failsafe\3.3.2\failsafe-3.3.2.jar;C:\Users\mergi
Launcher Type: SUN_STANDARD

[Global flags]
     intx CICompilerCount                          = 3                                         {product} {ergonomic}
     uint ConcGCThreads                            = 1                                         {product} {ergonomic}
     uint G1ConcRefinementThreads                  = 4                                         {product} {ergonomic}
   size_t G1HeapRegionSize                         = 1048576                                   {product} {ergonomic}
    uintx GCDrainStackTargetSize                   = 64                                        {product} {ergonomic}
   size_t InitialHeapSize                          = 58720256                                  {product} {ergonomic}
   size_t MarkStackSize                            = 4194304                                   {product} {ergonomic}
   size_t MaxHeapSize                              = 926941184                                 {product} {ergonomic}
   size_t MaxNewSize                               = 555745280                                 {product} {ergonomic}
   size_t MinHeapDeltaBytes                        = 1048576                                   {product} {ergonomic}
    uintx NonNMethodCodeHeapSize                   = 5830732                                {pd product} {ergonomic}
    uintx NonProfiledCodeHeapSize                  = 122913754                              {pd product} {ergonomic}
    uintx ProfiledCodeHeapSize                     = 122913754                              {pd product} {ergonomic}
    uintx ReservedCodeCacheSize                    = 251658240                              {pd product} {ergonomic}
     bool SegmentedCodeCache                       = true                                      {product} {ergonomic}
     bool UseCompressedClassPointers               = true                                 {lp64_product} {ergonomic}
     bool UseCompressedOops                        = true                                 {lp64_product} {ergonomic}
     bool UseG1GC                                  = true                                      {product} {ergonomic}
     bool UseLargePagesIndividualAllocation        = false                                  {pd product} {ergonomic}

Logging:
Log output configuration:
 #0: stdout all=warning uptime,level,tags
 #1: stderr all=off uptime,level,tags

Environment Variables:
PATH=C:\Program Files\Common Files\Oracle\Java\javapath;C:\WINDOWS\system32;C:\WINDOWS;C:\WINDOWS\System32\Wbem;C:\WINDOWS\System32\WindowsPowerShell\v1.0\;C:\WINDOWS\System32\OpenSSH\;C:\Program Files\Git\cmd;C:\Users\mergi\AppData\Local\Microsoft\WindowsApps;;C:\Users\mergi\AppData\Local\JetBrains\IntelliJ IDEA 2021.3.2\bin;;C:\Program Files\JetBrains\IntelliJ IDEA Community Edition 2021.3.2\bin;
USERNAME=mergi
OS=Windows_NT
PROCESSOR_IDENTIFIER=AMD64 Family 23 Model 24 Stepping 1, AuthenticAMD



---------------  S Y S T E M  ---------------

OS: Windows 11 , 64 bit Build 22621 (10.0.22621.3085)
OS uptime: 2 days 17:48 hours

CPU:total 4 (initial active 4) (4 cores per cpu, 2 threads per core) family 23 model 24 stepping 1 microcode 0x0, cmov, cx8, fxsr, mmx, sse, sse2, sse3, ssse3, sse4.1, sse4.2, popcnt, avx, avx2, aes, clmul, mmxext, 3dnowpref, lzcnt, sse4a, ht, tsc, tscinvbit, tscinv, bmi1, bmi2, adx, sha, fma

Memory: 4k page, system-wide physical 3533M (364M free)
TotalPageFile size 14285M (AvailPageFile size 4M)
current process WorkingSet (physical memory assigned to process): 125M, peak: 125M
current process commit charge ("private bytes"): 177M, peak: 177M

vm_info: OpenJDK 64-Bit Server VM (11.0.15+9-LTS) for windows-amd64 JRE (11.0.15+9-LTS), built on Apr 15 2022 22:20:31 by "Administrator" with unknown MS VC++:1916

END.
